2013-09-21 06:12:48.489+0000 INFO  [org.neo4j]: WARNING! You are using an unsupported Java runtime. Please use Oracle(R) Java(TM) Runtime Environment 7.
2013-09-21 06:12:48.585+0000 INFO  [org.neo4j]: --- INITIALIZED diagnostics START ---
2013-09-21 06:12:48.586+0000 INFO  [org.neo4j]: Neo4j Kernel properties:
    neostore.propertystore.db.mapped_memory=309M
    neostore.nodestore.db.mapped_memory=85M
    neostore.relationshipstore.db.mapped_memory=378M
    neostore.propertystore.db.strings.mapped_memory=262M
    store_dir=testDB
    neostore.propertystore.db.arrays.mapped_memory=298M
    ephemeral=false
2013-09-21 06:12:48.590+0000 INFO  [org.neo4j]: Diagnostics providers:
    org.neo4j.kernel.configuration.Config
    org.neo4j.kernel.info.DiagnosticsManager
    SYSTEM_MEMORY
    JAVA_MEMORY
    OPERATING_SYSTEM
    JAVA_VIRTUAL_MACHINE
    CLASSPATH
    LIBRARY_PATH
    SYSTEM_PROPERTIES
    LINUX_SCHEDULERS
    NETWORK
2013-09-21 06:12:48.591+0000 INFO  [org.neo4j]: System memory information:
    Total Physical memory: 3.73 GB
    Free Physical memory: 1.27 GB
    Committed virtual memory: 1.12 GB
    Total swap space: 256.00 MB
    Free swap space: 256.00 MB
2013-09-21 06:12:48.595+0000 INFO  [org.neo4j]: JVM memory information:
    Free  memory: 47.24 MB
    Total memory: 57.25 MB
    Max   memory: 849.75 MB
    Garbage Collector: PS Scavenge: [PS Eden Space, PS Survivor Space]
    Garbage Collector: PS MarkSweep: [PS Eden Space, PS Survivor Space, PS Old Gen, PS Perm Gen]
    Memory Pool: Code Cache (Non-heap memory): committed=2.25 MB, used=330.19 kB, max=48.00 MB, threshold=0.00 B
    Memory Pool: PS Eden Space (Heap memory): committed=15.00 MB, used=10.01 MB, max=313.75 MB, threshold=?
    Memory Pool: PS Survivor Space (Heap memory): committed=2.50 MB, used=0.00 B, max=2.50 MB, threshold=?
    Memory Pool: PS Old Gen (Heap memory): committed=39.75 MB, used=0.00 B, max=637.25 MB, threshold=0.00 B
    Memory Pool: PS Perm Gen (Non-heap memory): committed=16.00 MB, used=3.82 MB, max=64.00 MB, threshold=0.00 B
2013-09-21 06:12:48.604+0000 INFO  [org.neo4j]: Operating system information:
    Operating System: Linux; version: 3.2.0-53-generic-pae; arch: i386; cpus: 4
    Max number of file descriptors: 4096
    Number of open file descriptors: 21
    Process id: 2732@ubuntu
    Byte order: LITTLE_ENDIAN
    Local timezone: Asia/Colombo
2013-09-21 06:12:48.611+0000 INFO  [org.neo4j]: JVM information:
    VM Name: Java HotSpot(TM) Server VM
    VM Vendor: Oracle Corporation
    VM Version: 24.0-b56
    JIT compiler: HotSpot Tiered Compilers
    VM Arguments: [-Dfile.encoding=UTF-8]
2013-09-21 06:12:48.613+0000 INFO  [org.neo4j]: Java classpath:
     [classpath + loader.0] file:/host/WikiEx/Crawler/lib/neo4j-community-1.9.2/lib/neo4j-lucene-index-1.9.2.jar
     [loader.1] file:/usr/local/java/jdk1.7.0_40/jre/lib/ext/dnsns.jar
     [bootstrap] /usr/local/java/jdk1.7.0_40/jre/classes
     [classpath + loader.0] file:/host/WikiEx/Crawler/lib/neo4j-community-1.9.2/lib/org.apache.servicemix.bundles.jline-0.9.94_1.jar
     [bootstrap] /usr/local/java/jdk1.7.0_40/jre/lib/jfr.jar
     [bootstrap] /usr/local/java/jdk1.7.0_40/jre/lib/charsets.jar
     [classpath + loader.0] file:/host/WikiEx/Crawler/lib/neo4j-community-1.9.2/lib/concurrentlinkedhashmap-lru-1.3.1.jar
     [bootstrap] /usr/local/java/jdk1.7.0_40/jre/lib/sunrsasign.jar
     [bootstrap] /usr/local/java/jdk1.7.0_40/jre/lib/rt.jar
     [classpath + loader.0] file:/host/WikiEx/Crawler/lib/neo4j-community-1.9.2/lib/neo4j-graph-matching-1.9.2.jar
     [classpath + loader.0] file:/host/WikiEx/Crawler/lib/neo4j-community-1.9.2/lib/neo4j-cypher-1.9.2.jar
     [loader.1] file:/usr/local/java/jdk1.7.0_40/jre/lib/ext/localedata.jar
     [bootstrap] /usr/local/java/jdk1.7.0_40/jre/lib/jsse.jar
     [classpath + loader.0] file:/host/WikiEx/Crawler/lib/jsoup-1.7.2.jar
     [classpath + loader.0] file:/host/WikiEx/Crawler/lib/neo4j-community-1.9.2/lib/scala-library-2.10.0.jar
     [classpath + loader.0] file:/host/WikiEx/Crawler/lib/neo4j-community-1.9.2/lib/lucene-core-3.6.2.jar
     [bootstrap] /usr/local/java/jdk1.7.0_40/jre/lib/jce.jar
     [classpath + loader.0] file:/host/WikiEx/Crawler/lib/neo4j-community-1.9.2/lib/neo4j-jmx-1.9.2.jar
     [classpath + loader.0] file:/host/WikiEx/Crawler/lib/neo4j-community-1.9.2/lib/neo4j-graph-algo-1.9.2.jar
     [loader.1] file:/usr/local/java/jdk1.7.0_40/jre/lib/ext/sunjce_provider.jar
     [bootstrap] /usr/local/java/jdk1.7.0_40/jre/lib/resources.jar
     [classpath + loader.0] file:/host/WikiEx/Crawler/bin/
     [loader.1] file:/usr/local/java/jdk1.7.0_40/jre/lib/ext/sunpkcs11.jar
     [classpath + loader.0] file:/host/WikiEx/Crawler/lib/junit-4.11.jar
     [classpath + loader.0] file:/host/WikiEx/Crawler/lib/neo4j-community-1.9.2/lib/neo4j-shell-1.9.2.jar
     [loader.1] file:/usr/local/java/jdk1.7.0_40/jre/lib/ext/sunec.jar
     [classpath + loader.0] file:/host/WikiEx/Crawler/lib/neo4j-community-1.9.2/lib/neo4j-kernel-1.9.2.jar
     [classpath + loader.0] file:/host/WikiEx/Crawler/lib/neo4j-community-1.9.2/lib/geronimo-jta_1.1_spec-1.1.1.jar
     [classpath + loader.0] file:/host/WikiEx/Crawler/lib/neo4j-community-1.9.2/lib/server-api-1.9.2.jar
     [classpath + loader.0] file:/host/WikiEx/Crawler/lib/neo4j-community-1.9.2/lib/neo4j-udc-1.9.2.jar
     [loader.1] file:/usr/local/java/jdk1.7.0_40/jre/lib/ext/zipfs.jar
2013-09-21 06:12:48.616+0000 INFO  [org.neo4j]: Library path:
    /usr/local/java/jdk1.7.0_40/jre/lib/i386/server
    /usr/local/java/jdk1.7.0_40/jre/lib/i386
    /usr/local/java/jdk1.7.0_40/lib/i386
    /usr/local/java/jdk1.7.0_40/jre/lib/i386/client
    /usr/local/java/jdk1.7.0_40/jre/lib/i386
    /host/WikiEx/Crawler
    /usr/java/packages/lib/i386
    /lib
    /usr/lib
2013-09-21 06:12:48.617+0000 INFO  [org.neo4j]: System.properties:
    sun.boot.library.path = /usr/local/java/jdk1.7.0_40/jre/lib/i386
    path.separator = :
    file.encoding.pkg = sun.io
    user.country = US
    sun.java.launcher = SUN_STANDARD
    sun.os.patch.level = unknown
    user.dir = /host/WikiEx/Crawler
    sun.jnu.encoding = UTF-8
    sun.management.compiler = HotSpot Tiered Compilers
    user.home = /home/tharindurusira
    user.timezone = Asia/Colombo
    file.encoding = UTF-8
    user.name = tharindurusira
    sun.java.command = SimpleCrawler.SimpleWikiCrawler
    sun.arch.data.model = 32
    user.language = en
    awt.toolkit = sun.awt.X11.XToolkit
    file.separator = /
    sun.io.unicode.encoding = UnicodeLittle
    sun.cpu.endian = little
    sun.desktop = gnome
    sun.cpu.isalist = 
2013-09-21 06:12:48.618+0000 INFO  [org.neo4j]: Linux scheduler information:
    none
    none
    none
    none
    none
    none
    none
    none
    none
    none
    none
    none
    none
    none
    none
    none
    none
    none
    none
    none
    none
    none
    none
    none
    noop deadline [cfq] 
    noop deadline [cfq] 
    noop deadline [cfq] 
    noop deadline [cfq] 
    noop deadline [cfq] 
2013-09-21 06:12:48.624+0000 INFO  [org.neo4j]: Network information:
    Interface ppp0:
        address: 101.2.185.104
    Interface lo:
        address: 0:0:0:0:0:0:0:1%1
        address: 127.0.0.1
2013-09-21 06:12:48.626+0000 INFO  [org.neo4j]: --- INITIALIZED diagnostics END ---
2013-09-21 06:12:48.794+0000 INFO  [org.neo4j]: Creating new db @ testDB/neostore
2013-09-21 06:12:49.108+0000 INFO  [org.neo4j]: [testDB/neostore.nodestore.db] brickCount=0 brickSize=891288b mappedMem=89128960b (storeSize=0b)
2013-09-21 06:12:49.161+0000 INFO  [org.neo4j]: testDB/neostore.nodestore.db hit=1 miss=0 switches=0 ooe=0
2013-09-21 06:12:50.556+0000 INFO  [org.neo4j]: [testDB/neostore.relationshiptypestore.db.names] brickCount=0 brickSize=0b mappedMem=0b (storeSize=38b)
2013-09-21 06:12:50.562+0000 INFO  [org.neo4j]: [testDB/neostore.relationshiptypestore.db] brickCount=0 brickSize=0b mappedMem=0b (storeSize=0b)
2013-09-21 06:12:50.599+0000 INFO  [org.neo4j]: testDB/neostore.relationshiptypestore.db.names hit=0 miss=0 switches=0 ooe=0
2013-09-21 06:12:50.694+0000 INFO  [org.neo4j]: testDB/neostore.relationshiptypestore.db hit=0 miss=0 switches=0 ooe=0
2013-09-21 06:12:50.779+0000 INFO  [org.neo4j]: [testDB/neostore.relationshiptypestore.db.names] brickCount=0 brickSize=0b mappedMem=0b (storeSize=38b)
2013-09-21 06:12:50.780+0000 INFO  [org.neo4j]: [testDB/neostore.relationshiptypestore.db] brickCount=0 brickSize=0b mappedMem=0b (storeSize=0b)
2013-09-21 06:12:50.782+0000 INFO  [org.neo4j]: [testDB/neostore.propertystore.db.strings] brickCount=0 brickSize=274688b mappedMem=274726912b (storeSize=128b)
2013-09-21 06:12:50.784+0000 INFO  [org.neo4j]: [testDB/neostore.propertystore.db.index.keys] brickCount=0 brickSize=0b mappedMem=0b (storeSize=38b)
2013-09-21 06:12:50.787+0000 INFO  [org.neo4j]: [testDB/neostore.propertystore.db.index] brickCount=0 brickSize=0b mappedMem=0b (storeSize=0b)
2013-09-21 06:12:50.791+0000 INFO  [org.neo4j]: [testDB/neostore.propertystore.db.arrays] brickCount=0 brickSize=312448b mappedMem=312475648b (storeSize=128b)
2013-09-21 06:12:50.797+0000 INFO  [org.neo4j]: [testDB/neostore.propertystore.db] brickCount=0 brickSize=3240066b mappedMem=324009984b (storeSize=0b)
2013-09-21 06:12:50.801+0000 INFO  [org.neo4j]: [testDB/neostore.relationshipstore.db] brickCount=0 brickSize=3963597b mappedMem=396361728b (storeSize=0b)
2013-09-21 06:12:50.803+0000 INFO  [org.neo4j]: [testDB/neostore.nodestore.db] brickCount=0 brickSize=89127b mappedMem=89128960b (storeSize=9b)
2013-09-21 06:12:50.805+0000 INFO  [org.neo4j]: [testDB/neostore] brickCount=0 brickSize=0b mappedMem=0b (storeSize=0b)
2013-09-21 06:12:50.872+0000 INFO  [org.neo4j]: testDB/neostore.relationshiptypestore.db.names hit=0 miss=0 switches=0 ooe=0
2013-09-21 06:12:50.955+0000 INFO  [org.neo4j]: testDB/neostore.relationshiptypestore.db hit=0 miss=0 switches=0 ooe=0
2013-09-21 06:12:51.039+0000 INFO  [org.neo4j]: testDB/neostore.propertystore.db.strings hit=0 miss=0 switches=0 ooe=0
2013-09-21 06:12:51.121+0000 INFO  [org.neo4j]: testDB/neostore.propertystore.db.index.keys hit=0 miss=0 switches=0 ooe=0
2013-09-21 06:12:51.205+0000 INFO  [org.neo4j]: testDB/neostore.propertystore.db.index hit=0 miss=0 switches=0 ooe=0
2013-09-21 06:12:51.288+0000 INFO  [org.neo4j]: testDB/neostore.propertystore.db.arrays hit=0 miss=0 switches=0 ooe=0
2013-09-21 06:12:51.372+0000 INFO  [org.neo4j]: testDB/neostore.propertystore.db hit=0 miss=0 switches=0 ooe=0
2013-09-21 06:12:51.455+0000 INFO  [org.neo4j]: testDB/neostore.relationshipstore.db hit=0 miss=0 switches=0 ooe=0
2013-09-21 06:12:51.539+0000 INFO  [org.neo4j]: testDB/neostore.nodestore.db hit=0 miss=0 switches=0 ooe=0
2013-09-21 06:12:51.651+0000 INFO  [org.neo4j]: testDB/neostore hit=0 miss=8 switches=0 ooe=0
2013-09-21 06:12:51.736+0000 INFO  [org.neo4j]: [testDB/neostore.relationshiptypestore.db.names] brickCount=0 brickSize=0b mappedMem=0b (storeSize=38b)
2013-09-21 06:12:51.737+0000 INFO  [org.neo4j]: [testDB/neostore.relationshiptypestore.db] brickCount=0 brickSize=0b mappedMem=0b (storeSize=0b)
2013-09-21 06:12:51.738+0000 INFO  [org.neo4j]: [testDB/neostore.propertystore.db.strings] brickCount=0 brickSize=274688b mappedMem=274726912b (storeSize=128b)
2013-09-21 06:12:51.739+0000 INFO  [org.neo4j]: [testDB/neostore.propertystore.db.index.keys] brickCount=0 brickSize=0b mappedMem=0b (storeSize=38b)
2013-09-21 06:12:51.739+0000 INFO  [org.neo4j]: [testDB/neostore.propertystore.db.index] brickCount=0 brickSize=0b mappedMem=0b (storeSize=0b)
2013-09-21 06:12:51.740+0000 INFO  [org.neo4j]: [testDB/neostore.propertystore.db.arrays] brickCount=0 brickSize=312448b mappedMem=312475648b (storeSize=128b)
2013-09-21 06:12:51.741+0000 INFO  [org.neo4j]: [testDB/neostore.propertystore.db] brickCount=0 brickSize=3240066b mappedMem=324009984b (storeSize=0b)
2013-09-21 06:12:51.741+0000 INFO  [org.neo4j]: [testDB/neostore.relationshipstore.db] brickCount=0 brickSize=3963597b mappedMem=396361728b (storeSize=0b)
2013-09-21 06:12:51.742+0000 INFO  [org.neo4j]: [testDB/neostore.nodestore.db] brickCount=0 brickSize=89127b mappedMem=89128960b (storeSize=9b)
2013-09-21 06:12:51.743+0000 INFO  [org.neo4j]: [testDB/neostore] brickCount=0 brickSize=0b mappedMem=0b (storeSize=54b)
2013-09-21 06:12:51.766+0000 INFO  [org.neo4j]: Opened logical log [testDB/nioneo_logical.log.1] version=0, lastTxId=1 (clean)
2013-09-21 06:12:51.971+0000 INFO  [org.neo4j]: TM new log: tm_tx_log.1
2013-09-21 06:12:52.140+0000 INFO  [org.neo4j]: Opened logical log [testDB/index/lucene.log.1] version=0, lastTxId=1 (clean)
2013-09-21 06:12:52.305+0000 INFO  [org.neo4j]: --- STARTED diagnostics for KernelDiagnostics:Versions START ---
2013-09-21 06:12:52.305+0000 INFO  [org.neo4j]: Graph Database: org.neo4j.kernel.EmbeddedGraphDatabase StoreId[time:1379743968795, id:6360617835685822574, store version: 13561656364791302]
2013-09-21 06:12:52.305+0000 INFO  [org.neo4j]: Kernel version: Neo4j - Graph Database Kernel 1.9.2
2013-09-21 06:12:52.306+0000 INFO  [org.neo4j]: Neo4j component versions:
2013-09-21 06:12:52.307+0000 INFO  [org.neo4j]:   Neo4j - Graph Database Kernel 1.9.2
2013-09-21 06:12:52.307+0000 INFO  [org.neo4j]: --- STARTED diagnostics for KernelDiagnostics:Versions END ---
2013-09-21 06:12:52.309+0000 INFO  [org.neo4j]: --- STARTED diagnostics for NEO_STORE_VERSIONS START ---
2013-09-21 06:12:52.310+0000 INFO  [org.neo4j]: Store versions:
    Store versions:
      NeoStore v0.A.0
      NodeStore v0.A.0
      RelationshipStore v0.A.0
      RelationshipTypeStore v0.A.0
      PropertyStore v0.A.0
      PropertyIndexStore v0.A.0
      StringPropertyStore v0.A.0
      ArrayPropertyStore v0.A.0
2013-09-21 06:12:52.310+0000 INFO  [org.neo4j]: --- STARTED diagnostics for NEO_STORE_VERSIONS END ---
2013-09-21 06:12:52.310+0000 INFO  [org.neo4j]: --- STARTED diagnostics for NEO_STORE_ID_USAGE START ---
2013-09-21 06:12:52.310+0000 INFO  [org.neo4j]: Id usage:
    Id usage:
      NodeStore: used=1 high=0
      RelationshipStore: used=0 high=-1
      RelationshipTypeStore: used=0 high=-1
      PropertyStore: used=0 high=-1
      PropertyIndexStore: used=0 high=-1
      StringPropertyStore: used=1 high=0
      ArrayPropertyStore: used=1 high=0
2013-09-21 06:12:52.311+0000 INFO  [org.neo4j]: --- STARTED diagnostics for NEO_STORE_ID_USAGE END ---
2013-09-21 06:12:52.311+0000 INFO  [org.neo4j]: --- STARTED diagnostics for PERSISTENCE_WINDOW_POOL_STATS START ---
2013-09-21 06:12:52.312+0000 INFO  [org.neo4j]: --- STARTED diagnostics for PERSISTENCE_WINDOW_POOL_STATS END ---
2013-09-21 06:12:52.312+0000 INFO  [org.neo4j]: --- STARTED diagnostics for KernelDiagnostics:StoreFiles START ---
2013-09-21 06:12:52.312+0000 INFO  [org.neo4j]: Disk space on partition (Total / Free / Free %): 178257915904 / 89268060160 / 50
Storage files: (filename : modification date - size)
      active_tx_log: 2013-09-21T11:42:51+0530 - 11.00 B
      index:
        lucene-store.db: 2013-09-21T11:42:52+0530 - 40.00 B
        lucene.log.1: 2013-09-21T11:42:52+0530 - 16.00 B
        lucene.log.active: 2013-09-21T11:42:52+0530 - 4.00 B
      - Total: 2013-09-21T11:42:52+0530 - 60.00 B
      lock: 2013-09-21T11:42:51+0530 - 0.00 B
      messages.log: 2013-09-21T11:42:52+0530 - 13.92 kB
      neostore: 2013-09-21T11:42:51+0530 - 54.00 B
      neostore.id: 2013-09-21T11:42:51+0530 - 9.00 B
      neostore.nodestore.db: 2013-09-21T11:42:51+0530 - 9.00 B
      neostore.nodestore.db.id: 2013-09-21T11:42:51+0530 - 9.00 B
      neostore.propertystore.db: 2013-09-21T11:42:51+0530 - 0.00 B
      neostore.propertystore.db.arrays: 2013-09-21T11:42:51+0530 - 128.00 B
      neostore.propertystore.db.arrays.id: 2013-09-21T11:42:51+0530 - 9.00 B
      neostore.propertystore.db.id: 2013-09-21T11:42:51+0530 - 9.00 B
      neostore.propertystore.db.index: 2013-09-21T11:42:51+0530 - 0.00 B
      neostore.propertystore.db.index.id: 2013-09-21T11:42:51+0530 - 9.00 B
      neostore.propertystore.db.index.keys: 2013-09-21T11:42:51+0530 - 38.00 B
      neostore.propertystore.db.index.keys.id: 2013-09-21T11:42:51+0530 - 9.00 B
      neostore.propertystore.db.strings: 2013-09-21T11:42:51+0530 - 128.00 B
      neostore.propertystore.db.strings.id: 2013-09-21T11:42:51+0530 - 9.00 B
      neostore.relationshipstore.db: 2013-09-21T11:42:51+0530 - 0.00 B
      neostore.relationshipstore.db.id: 2013-09-21T11:42:51+0530 - 9.00 B
      neostore.relationshiptypestore.db: 2013-09-21T11:42:51+0530 - 0.00 B
      neostore.relationshiptypestore.db.id: 2013-09-21T11:42:51+0530 - 9.00 B
      neostore.relationshiptypestore.db.names: 2013-09-21T11:42:51+0530 - 38.00 B
      neostore.relationshiptypestore.db.names.id: 2013-09-21T11:42:51+0530 - 9.00 B
      nioneo_logical.log.1: 2013-09-21T11:42:51+0530 - 16.00 B
      nioneo_logical.log.active: 2013-09-21T11:42:51+0530 - 4.00 B
      store_lock: 2013-09-21T11:42:48+0530 - 0.00 B
      tm_tx_log.1: 2013-09-21T11:42:52+0530 - 0.00 B
2013-09-21 06:12:52.321+0000 INFO  [org.neo4j]: --- STARTED diagnostics for KernelDiagnostics:StoreFiles END ---
2013-09-21 06:12:52.323+0000 INFO  [org.neo4j]: Started - database is now available
2013-09-21 06:12:52.324+0000 INFO  [org.neo4j]: GC Monitor started. 
2013-09-21 06:13:26.740+0000 INFO  [org.neo4j]: GC Monitor: Application threads blocked for an additional 171ms [total block time: 0.171s]
2013-09-21 06:13:40.953+0000 INFO  [org.neo4j]: GC Monitor: Application threads blocked for an additional 182ms [total block time: 0.353s]
2013-09-21 06:14:15.863+0000 INFO  [org.neo4j]: GC Monitor: Application threads blocked for an additional 652ms [total block time: 1.005s]
2013-09-21 06:15:15.049+0000 INFO  [org.neo4j]: Stopping - database is now unavailable
2013-09-21 06:15:15.050+0000 INFO  [org.neo4j]: GC Monitor stopped. 
2013-09-21 06:15:15.088+0000 INFO  [org.neo4j]: Closed log testDB/index/lucene.log
2013-09-21 06:15:15.156+0000 INFO  [org.neo4j]: TM shutting down
2013-09-21 06:15:15.873+0000 INFO  [org.neo4j]: Closed log testDB/nioneo_logical.log
2013-09-21 06:15:16.089+0000 INFO  [org.neo4j]: testDB/neostore.relationshiptypestore.db.names hit=0 miss=1 switches=0 ooe=0
2013-09-21 06:15:16.429+0000 INFO  [org.neo4j]: testDB/neostore.relationshiptypestore.db hit=0 miss=1 switches=0 ooe=0
2013-09-21 06:15:16.519+0000 INFO  [org.neo4j]: testDB/neostore.propertystore.db.strings hit=21 miss=0 switches=0 ooe=0
2013-09-21 06:15:16.614+0000 INFO  [org.neo4j]: testDB/neostore.propertystore.db.index.keys hit=0 miss=4 switches=0 ooe=0
2013-09-21 06:15:16.696+0000 INFO  [org.neo4j]: testDB/neostore.propertystore.db.index hit=0 miss=4 switches=0 ooe=0
2013-09-21 06:15:16.780+0000 INFO  [org.neo4j]: testDB/neostore.propertystore.db.arrays hit=0 miss=0 switches=0 ooe=0
2013-09-21 06:15:16.863+0000 INFO  [org.neo4j]: testDB/neostore.propertystore.db hit=409 miss=0 switches=0 ooe=0
2013-09-21 06:15:16.959+0000 INFO  [org.neo4j]: testDB/neostore.relationshipstore.db hit=1214 miss=0 switches=0 ooe=0
2013-09-21 06:15:17.058+0000 INFO  [org.neo4j]: testDB/neostore.nodestore.db hit=1217 miss=0 switches=0 ooe=0
2013-09-21 06:15:17.196+0000 INFO  [org.neo4j]: testDB/neostore hit=0 miss=423 switches=0 ooe=0
2013-09-21 06:15:17.281+0000 INFO  [org.neo4j]: NeoStore closed
2013-09-21 06:15:17.281+0000 INFO  [org.neo4j]: --- STOPPING diagnostics START ---
2013-09-21 06:15:17.281+0000 INFO  [org.neo4j]: --- STOPPING diagnostics END ---
2013-09-21 06:25:56.417+0000 INFO  [o.n.k.i.DiagnosticsManager]: --- INITIALIZED diagnostics START ---
2013-09-21 06:25:56.418+0000 INFO  [o.n.k.i.DiagnosticsManager]: Neo4j Kernel properties:
2013-09-21 06:25:56.421+0000 INFO  [o.n.k.i.DiagnosticsManager]: neostore.propertystore.db.mapped_memory=300M
2013-09-21 06:25:56.421+0000 INFO  [o.n.k.i.DiagnosticsManager]: neostore.nodestore.db.mapped_memory=83M
2013-09-21 06:25:56.421+0000 INFO  [o.n.k.i.DiagnosticsManager]: neostore.propertystore.db.strings.mapped_memory=255M
2013-09-21 06:25:56.422+0000 INFO  [o.n.k.i.DiagnosticsManager]: neo4j.ext.udc.source=server
2013-09-21 06:25:56.422+0000 INFO  [o.n.k.i.DiagnosticsManager]: store_dir=data/graph.db
2013-09-21 06:25:56.422+0000 INFO  [o.n.k.i.DiagnosticsManager]: neostore.relationshipstore.db.mapped_memory=368M
2013-09-21 06:25:56.422+0000 INFO  [o.n.k.i.DiagnosticsManager]: keep_logical_logs=true
2013-09-21 06:25:56.422+0000 INFO  [o.n.k.i.DiagnosticsManager]: neostore.propertystore.db.arrays.mapped_memory=289M
2013-09-21 06:25:56.423+0000 INFO  [o.n.k.i.DiagnosticsManager]: remote_shell_enabled=true
2013-09-21 06:25:56.423+0000 INFO  [o.n.k.i.DiagnosticsManager]: ephemeral=false
2013-09-21 06:25:56.424+0000 INFO  [o.n.k.i.DiagnosticsManager]: Diagnostics providers:
2013-09-21 06:25:56.425+0000 INFO  [o.n.k.i.DiagnosticsManager]: org.neo4j.kernel.configuration.Config
2013-09-21 06:25:56.425+0000 INFO  [o.n.k.i.DiagnosticsManager]: org.neo4j.kernel.info.DiagnosticsManager
2013-09-21 06:25:56.425+0000 INFO  [o.n.k.i.DiagnosticsManager]: SYSTEM_MEMORY
2013-09-21 06:25:56.425+0000 INFO  [o.n.k.i.DiagnosticsManager]: JAVA_MEMORY
2013-09-21 06:25:56.425+0000 INFO  [o.n.k.i.DiagnosticsManager]: OPERATING_SYSTEM
2013-09-21 06:25:56.425+0000 INFO  [o.n.k.i.DiagnosticsManager]: JAVA_VIRTUAL_MACHINE
2013-09-21 06:25:56.426+0000 INFO  [o.n.k.i.DiagnosticsManager]: CLASSPATH
2013-09-21 06:25:56.426+0000 INFO  [o.n.k.i.DiagnosticsManager]: LIBRARY_PATH
2013-09-21 06:25:56.426+0000 INFO  [o.n.k.i.DiagnosticsManager]: SYSTEM_PROPERTIES
2013-09-21 06:25:56.426+0000 INFO  [o.n.k.i.DiagnosticsManager]: LINUX_SCHEDULERS
2013-09-21 06:25:56.426+0000 INFO  [o.n.k.i.DiagnosticsManager]: NETWORK
2013-09-21 06:25:56.426+0000 INFO  [o.n.k.i.DiagnosticsManager]: System memory information:
2013-09-21 06:25:56.429+0000 INFO  [o.n.k.i.DiagnosticsManager]: Total Physical memory: 3.73 GB
2013-09-21 06:25:56.429+0000 INFO  [o.n.k.i.DiagnosticsManager]: Free Physical memory: 576.96 MB
2013-09-21 06:25:56.429+0000 INFO  [o.n.k.i.DiagnosticsManager]: Committed virtual memory: 1.12 GB
2013-09-21 06:25:56.430+0000 INFO  [o.n.k.i.DiagnosticsManager]: Total swap space: 256.00 MB
2013-09-21 06:25:56.430+0000 INFO  [o.n.k.i.DiagnosticsManager]: Free swap space: 256.00 MB
2013-09-21 06:25:56.431+0000 INFO  [o.n.k.i.DiagnosticsManager]: JVM memory information:
2013-09-21 06:25:56.431+0000 INFO  [o.n.k.i.DiagnosticsManager]: Free  memory: 49.28 MB
2013-09-21 06:25:56.431+0000 INFO  [o.n.k.i.DiagnosticsManager]: Total memory: 57.75 MB
2013-09-21 06:25:56.431+0000 INFO  [o.n.k.i.DiagnosticsManager]: Max   memory: 930.44 MB
2013-09-21 06:25:56.433+0000 INFO  [o.n.k.i.DiagnosticsManager]: Garbage Collector: ParNew: [Par Eden Space, Par Survivor Space]
2013-09-21 06:25:56.433+0000 INFO  [o.n.k.i.DiagnosticsManager]: Garbage Collector: ConcurrentMarkSweep: [Par Eden Space, Par Survivor Space, CMS Old Gen, CMS Perm Gen]
2013-09-21 06:25:56.434+0000 INFO  [o.n.k.i.DiagnosticsManager]: Memory Pool: Code Cache (Non-heap memory): committed=2.25 MB, used=506.81 kB, max=48.00 MB, threshold=0.00 B
2013-09-21 06:25:56.435+0000 INFO  [o.n.k.i.DiagnosticsManager]: Memory Pool: Par Eden Space (Heap memory): committed=16.00 MB, used=2.79 MB, max=204.88 MB, threshold=?
2013-09-21 06:25:56.435+0000 INFO  [o.n.k.i.DiagnosticsManager]: Memory Pool: Par Survivor Space (Heap memory): committed=1.94 MB, used=1.94 MB, max=25.56 MB, threshold=?
2013-09-21 06:25:56.435+0000 INFO  [o.n.k.i.DiagnosticsManager]: Memory Pool: CMS Old Gen (Heap memory): committed=39.81 MB, used=3.74 MB, max=700.00 MB, threshold=0.00 B
2013-09-21 06:25:56.436+0000 INFO  [o.n.k.i.DiagnosticsManager]: Memory Pool: CMS Perm Gen (Non-heap memory): committed=16.00 MB, used=7.82 MB, max=64.00 MB, threshold=0.00 B
2013-09-21 06:25:56.436+0000 INFO  [o.n.k.i.DiagnosticsManager]: Operating system information:
2013-09-21 06:25:56.437+0000 INFO  [o.n.k.i.DiagnosticsManager]: Operating System: Linux; version: 3.2.0-53-generic-pae; arch: i386; cpus: 4
2013-09-21 06:25:56.437+0000 INFO  [o.n.k.i.DiagnosticsManager]: Max number of file descriptors: 4096
2013-09-21 06:25:56.437+0000 INFO  [o.n.k.i.DiagnosticsManager]: Number of open file descriptors: 74
2013-09-21 06:25:56.438+0000 INFO  [o.n.k.i.DiagnosticsManager]: Process id: 3584@ubuntu
2013-09-21 06:25:56.438+0000 INFO  [o.n.k.i.DiagnosticsManager]: Byte order: LITTLE_ENDIAN
2013-09-21 06:25:56.438+0000 INFO  [o.n.k.i.DiagnosticsManager]: Local timezone: Asia/Colombo
2013-09-21 06:25:56.438+0000 INFO  [o.n.k.i.DiagnosticsManager]: JVM information:
2013-09-21 06:25:56.438+0000 INFO  [o.n.k.i.DiagnosticsManager]: VM Name: Java HotSpot(TM) Server VM
2013-09-21 06:25:56.438+0000 INFO  [o.n.k.i.DiagnosticsManager]: VM Vendor: Oracle Corporation
2013-09-21 06:25:56.439+0000 INFO  [o.n.k.i.DiagnosticsManager]: VM Version: 24.0-b56
2013-09-21 06:25:56.439+0000 INFO  [o.n.k.i.DiagnosticsManager]: JIT compiler: HotSpot Tiered Compilers
2013-09-21 06:25:56.440+0000 INFO  [o.n.k.i.DiagnosticsManager]: VM Arguments: [-XX:+DisableExplicitGC, -Dorg.neo4j.server.properties=conf/neo4j-server.properties, -Djava.util.logging.config.file=conf/logging.properties, -Dlog4j.configuration=file:conf/log4j.properties, -XX:+UseConcMarkSweepGC, -XX:+CMSClassUnloadingEnabled, -Dneo4j.home=/home/tharindurusira/Desktop/WikiEx/Crawler/lib/neo4j-community-1.9.2, -Dneo4j.instance=/home/tharindurusira/Desktop/WikiEx/Crawler/lib/neo4j-community-1.9.2, -Dfile.encoding=UTF-8]
2013-09-21 06:25:56.440+0000 INFO  [o.n.k.i.DiagnosticsManager]: Java classpath:
2013-09-21 06:25:56.451+0000 INFO  [o.n.k.i.DiagnosticsManager]:  [classpath + loader.0] file:/host/WikiEx/Crawler/lib/neo4j-community-1.9.2/plugins/gremlin1.5/blueprints-neo4j-graph-1.2.jar
2013-09-21 06:25:56.451+0000 INFO  [o.n.k.i.DiagnosticsManager]:  [classpath + loader.0] file:/host/WikiEx/Crawler/lib/neo4j-community-1.9.2/system/lib/rrd4j-2.0.7.jar
2013-09-21 06:25:56.452+0000 INFO  [o.n.k.i.DiagnosticsManager]:  [classpath + loader.0] file:/host/WikiEx/Crawler/lib/neo4j-community-1.9.2/system/lib/commons-logging-1.1.1.jar
2013-09-21 06:25:56.452+0000 INFO  [o.n.k.i.DiagnosticsManager]:  [classpath + loader.0] file:/host/WikiEx/Crawler/lib/neo4j-community-1.9.2/lib/neo4j-lucene-index-1.9.2.jar
2013-09-21 06:25:56.452+0000 INFO  [o.n.k.i.DiagnosticsManager]:  [loader.1] file:/usr/local/java/jdk1.7.0_40/jre/lib/ext/dnsns.jar
2013-09-21 06:25:56.452+0000 INFO  [o.n.k.i.DiagnosticsManager]:  [bootstrap] /usr/local/java/jdk1.7.0_40/jre/classes
2013-09-21 06:25:56.452+0000 INFO  [o.n.k.i.DiagnosticsManager]:  [classpath + loader.0] file:/host/WikiEx/Crawler/lib/neo4j-community-1.9.2/lib/concurrentlinkedhashmap-lru-1.3.1.jar
2013-09-21 06:25:56.452+0000 INFO  [o.n.k.i.DiagnosticsManager]:  [classpath + loader.0] file:/host/WikiEx/Crawler/lib/neo4j-community-1.9.2/conf/
2013-09-21 06:25:56.452+0000 INFO  [o.n.k.i.DiagnosticsManager]:  [classpath + loader.0] file:/host/WikiEx/Crawler/lib/neo4j-community-1.9.2/system/lib/neo4j-server-1.9.2.jar
2013-09-21 06:25:56.453+0000 INFO  [o.n.k.i.DiagnosticsManager]:  [classpath + loader.0] file:/host/WikiEx/Crawler/lib/neo4j-community-1.9.2/system/lib/bcprov-jdk16-140.jar
2013-09-21 06:25:56.453+0000 INFO  [o.n.k.i.DiagnosticsManager]:  [bootstrap] /usr/local/java/jdk1.7.0_40/jre/lib/rt.jar
2013-09-21 06:25:56.453+0000 INFO  [o.n.k.i.DiagnosticsManager]:  [classpath + loader.0] file:/host/WikiEx/Crawler/lib/neo4j-community-1.9.2/plugins/gremlin1.5/asm-commons-3.2.jar
2013-09-21 06:25:56.453+0000 INFO  [o.n.k.i.DiagnosticsManager]:  [classpath + loader.0] file:/host/WikiEx/Crawler/lib/neo4j-community-1.9.2/system/lib/jersey-core-1.9.jar
2013-09-21 06:25:56.453+0000 INFO  [o.n.k.i.DiagnosticsManager]:  [classpath + loader.0] file:/host/WikiEx/Crawler/lib/neo4j-community-1.9.2/plugins/gremlin1.5/asm-analysis-3.2.jar
2013-09-21 06:25:56.453+0000 INFO  [o.n.k.i.DiagnosticsManager]:  [classpath + loader.0] file:/host/WikiEx/Crawler/lib/neo4j-community-1.9.2/system/lib/mimepull-1.6.jar
2013-09-21 06:25:56.454+0000 INFO  [o.n.k.i.DiagnosticsManager]:  [classpath + loader.0] file:/host/WikiEx/Crawler/lib/neo4j-community-1.9.2/system/lib/jackson-core-asl-1.9.7.jar
2013-09-21 06:25:56.454+0000 INFO  [o.n.k.i.DiagnosticsManager]:  [loader.1] file:/usr/local/java/jdk1.7.0_40/jre/lib/ext/localedata.jar
2013-09-21 06:25:56.454+0000 INFO  [o.n.k.i.DiagnosticsManager]:  [classpath + loader.0] file:/host/WikiEx/Crawler/lib/neo4j-community-1.9.2/system/lib/rhino-1.7R3.jar
2013-09-21 06:25:56.454+0000 INFO  [o.n.k.i.DiagnosticsManager]:  [classpath + loader.0] file:/host/WikiEx/Crawler/lib/neo4j-community-1.9.2/lib/scala-library-2.10.0.jar
2013-09-21 06:25:56.455+0000 INFO  [o.n.k.i.DiagnosticsManager]:  [classpath + loader.0] file:/host/WikiEx/Crawler/lib/neo4j-community-1.9.2/system/lib/logback-access-0.9.30.jar
2013-09-21 06:25:56.455+0000 INFO  [o.n.k.i.DiagnosticsManager]:  [classpath + loader.0] file:/host/WikiEx/Crawler/lib/neo4j-community-1.9.2/system/lib/asm-3.1.jar
2013-09-21 06:25:56.455+0000 INFO  [o.n.k.i.DiagnosticsManager]:  [classpath + loader.0] file:/host/WikiEx/Crawler/lib/neo4j-community-1.9.2/lib/lucene-core-3.6.2.jar
2013-09-21 06:25:56.455+0000 INFO  [o.n.k.i.DiagnosticsManager]:  [bootstrap] /usr/local/java/jdk1.7.0_40/jre/lib/jce.jar
2013-09-21 06:25:56.456+0000 INFO  [o.n.k.i.DiagnosticsManager]:  [classpath + loader.0] file:/host/WikiEx/Crawler/lib/neo4j-community-1.9.2/system/lib/commons-io-1.4.jar
2013-09-21 06:25:56.456+0000 INFO  [o.n.k.i.DiagnosticsManager]:  [classpath + loader.0] file:/host/WikiEx/Crawler/lib/neo4j-community-1.9.2/plugins/gremlin1.5/asm-util-3.2.jar
2013-09-21 06:25:56.456+0000 INFO  [o.n.k.i.DiagnosticsManager]:  [classpath + loader.0] file:/host/WikiEx/Crawler/lib/neo4j-community-1.9.2/system/lib/commons-configuration-1.6.jar
2013-09-21 06:25:56.456+0000 INFO  [o.n.k.i.DiagnosticsManager]:  [classpath + loader.0] file:/host/WikiEx/Crawler/lib/neo4j-community-1.9.2/system/lib/commons-beanutils-core-1.8.0.jar
2013-09-21 06:25:56.457+0000 INFO  [o.n.k.i.DiagnosticsManager]:  [classpath + loader.0] file:/host/WikiEx/Crawler/lib/neo4j-community-1.9.2/lib/neo4j-jmx-1.9.2.jar
2013-09-21 06:25:56.457+0000 INFO  [o.n.k.i.DiagnosticsManager]:  [loader.1] file:/usr/local/java/jdk1.7.0_40/jre/lib/ext/sunjce_provider.jar
2013-09-21 06:25:56.457+0000 INFO  [o.n.k.i.DiagnosticsManager]:  [loader.1] file:/usr/local/java/jdk1.7.0_40/jre/lib/ext/sunpkcs11.jar
2013-09-21 06:25:56.457+0000 INFO  [o.n.k.i.DiagnosticsManager]:  [classpath + loader.0] file:/host/WikiEx/Crawler/lib/neo4j-community-1.9.2/lib/neo4j-shell-1.9.2.jar
2013-09-21 06:25:56.457+0000 INFO  [o.n.k.i.DiagnosticsManager]:  [classpath + loader.0] file:/host/WikiEx/Crawler/lib/neo4j-community-1.9.2/system/lib/servlet-api-2.5-20081211.jar
2013-09-21 06:25:56.458+0000 INFO  [o.n.k.i.DiagnosticsManager]:  [classpath + loader.0] file:/host/WikiEx/Crawler/lib/neo4j-community-1.9.2/plugins/gremlin1.5/groovy-1.8.5.jar
2013-09-21 06:25:56.458+0000 INFO  [o.n.k.i.DiagnosticsManager]:  [classpath + loader.0] file:/host/WikiEx/Crawler/lib/neo4j-community-1.9.2/plugins/gremlin1.5/pipes-1.0.jar
2013-09-21 06:25:56.459+0000 INFO  [o.n.k.i.DiagnosticsManager]:  [loader.1] file:/usr/local/java/jdk1.7.0_40/jre/lib/ext/sunec.jar
2013-09-21 06:25:56.459+0000 INFO  [o.n.k.i.DiagnosticsManager]:  [classpath + loader.0] file:/host/WikiEx/Crawler/lib/neo4j-community-1.9.2/system/lib/jcl-over-slf4j-1.6.1.jar
2013-09-21 06:25:56.459+0000 INFO  [o.n.k.i.DiagnosticsManager]:  [classpath + loader.0] file:/host/WikiEx/Crawler/lib/neo4j-community-1.9.2/system/lib/neo4j-server-1.9.2-static-web.jar
2013-09-21 06:25:56.459+0000 INFO  [o.n.k.i.DiagnosticsManager]:  [classpath + loader.0] file:/host/WikiEx/Crawler/lib/neo4j-community-1.9.2/system/lib/commons-lang-2.4.jar
2013-09-21 06:25:56.459+0000 INFO  [o.n.k.i.DiagnosticsManager]:  [loader.1] file:/usr/local/java/jdk1.7.0_40/jre/lib/ext/zipfs.jar
2013-09-21 06:25:56.459+0000 INFO  [o.n.k.i.DiagnosticsManager]:  [classpath + loader.0] file:/host/WikiEx/Crawler/lib/neo4j-community-1.9.2/plugins/gremlin1.5/blueprints-core-1.2.jar
2013-09-21 06:25:56.460+0000 INFO  [o.n.k.i.DiagnosticsManager]:  [classpath + loader.0] file:/host/WikiEx/Crawler/lib/neo4j-community-1.9.2/system/lib/jersey-server-1.9.jar
2013-09-21 06:25:56.460+0000 INFO  [o.n.k.i.DiagnosticsManager]:  [classpath + loader.0] file:/host/WikiEx/Crawler/lib/neo4j-community-1.9.2/system/lib/commons-collections-3.2.1.jar
2013-09-21 06:25:56.460+0000 INFO  [o.n.k.i.DiagnosticsManager]:  [classpath + loader.0] file:/host/WikiEx/Crawler/lib/neo4j-community-1.9.2/system/lib/logback-classic-0.9.30.jar
2013-09-21 06:25:56.460+0000 INFO  [o.n.k.i.DiagnosticsManager]:  [classpath + loader.0] file:/host/WikiEx/Crawler/lib/neo4j-community-1.9.2/plugins/gremlin1.5/gremlin-groovy-1.5.jar
2013-09-21 06:25:56.460+0000 INFO  [o.n.k.i.DiagnosticsManager]:  [classpath + loader.0] file:/host/WikiEx/Crawler/lib/neo4j-community-1.9.2/system/lib/jackson-mapper-asl-1.9.7.jar
2013-09-21 06:25:56.460+0000 INFO  [o.n.k.i.DiagnosticsManager]:  [classpath + loader.0] file:/host/WikiEx/Crawler/lib/neo4j-community-1.9.2/system/lib/commons-digester-1.8.1.jar
2013-09-21 06:25:56.460+0000 INFO  [o.n.k.i.DiagnosticsManager]:  [classpath + loader.0] file:/host/WikiEx/Crawler/lib/neo4j-community-1.9.2/system/lib/jackson-jaxrs-1.9.7.jar
2013-09-21 06:25:56.460+0000 INFO  [o.n.k.i.DiagnosticsManager]:  [classpath + loader.0] file:/host/WikiEx/Crawler/lib/neo4j-community-1.9.2/lib/org.apache.servicemix.bundles.jline-0.9.94_1.jar
2013-09-21 06:25:56.460+0000 INFO  [o.n.k.i.DiagnosticsManager]:  [bootstrap] /usr/local/java/jdk1.7.0_40/jre/lib/charsets.jar
2013-09-21 06:25:56.461+0000 INFO  [o.n.k.i.DiagnosticsManager]:  [bootstrap] /usr/local/java/jdk1.7.0_40/jre/lib/jfr.jar
2013-09-21 06:25:56.461+0000 INFO  [o.n.k.i.DiagnosticsManager]:  [bootstrap] /usr/local/java/jdk1.7.0_40/jre/lib/sunrsasign.jar
2013-09-21 06:25:56.461+0000 INFO  [o.n.k.i.DiagnosticsManager]:  [classpath + loader.0] file:/host/WikiEx/Crawler/lib/neo4j-community-1.9.2/lib/neo4j-graph-matching-1.9.2.jar
2013-09-21 06:25:56.461+0000 INFO  [o.n.k.i.DiagnosticsManager]:  [classpath + loader.0] file:/host/WikiEx/Crawler/lib/neo4j-community-1.9.2/plugins/gremlin1.5/jansi-1.5.jar
2013-09-21 06:25:56.461+0000 INFO  [o.n.k.i.DiagnosticsManager]:  [classpath + loader.0] file:/host/WikiEx/Crawler/lib/neo4j-community-1.9.2/system/lib/janino-2.5.10.jar
2013-09-21 06:25:56.461+0000 INFO  [o.n.k.i.DiagnosticsManager]:  [classpath + loader.0] file:/host/WikiEx/Crawler/lib/neo4j-community-1.9.2/plugins/gremlin1.5/neo4j-gremlin-plugin-1.9.2.jar
2013-09-21 06:25:56.461+0000 INFO  [o.n.k.i.DiagnosticsManager]:  [classpath + loader.0] file:/host/WikiEx/Crawler/lib/neo4j-community-1.9.2/plugins/gremlin1.5/antlr-2.7.7.jar
2013-09-21 06:25:56.461+0000 INFO  [o.n.k.i.DiagnosticsManager]:  [classpath + loader.0] file:/host/WikiEx/Crawler/lib/neo4j-community-1.9.2/system/lib/neo4j-cypher-plugin-1.9.2.jar
2013-09-21 06:25:56.462+0000 INFO  [o.n.k.i.DiagnosticsManager]:  [classpath + loader.0] file:/host/WikiEx/Crawler/lib/neo4j-community-1.9.2/lib/neo4j-cypher-1.9.2.jar
2013-09-21 06:25:56.462+0000 INFO  [o.n.k.i.DiagnosticsManager]:  [bootstrap] /usr/local/java/jdk1.7.0_40/jre/lib/jsse.jar
2013-09-21 06:25:56.462+0000 INFO  [o.n.k.i.DiagnosticsManager]:  [classpath + loader.0] file:/host/WikiEx/Crawler/lib/neo4j-community-1.9.2/system/lib/jetty-util-6.1.25.jar
2013-09-21 06:25:56.462+0000 INFO  [o.n.k.i.DiagnosticsManager]:  [classpath + loader.0] file:/host/WikiEx/Crawler/lib/neo4j-community-1.9.2/system/lib/jersey-multipart-1.9.jar
2013-09-21 06:25:56.462+0000 INFO  [o.n.k.i.DiagnosticsManager]:  [classpath + loader.0] file:/host/WikiEx/Crawler/lib/neo4j-community-1.9.2/plugins/gremlin1.5/gremlin-java-1.5.jar
2013-09-21 06:25:56.462+0000 INFO  [o.n.k.i.DiagnosticsManager]:  [classpath + loader.0] file:/host/WikiEx/Crawler/lib/neo4j-community-1.9.2/plugins/gremlin1.5/asm-tree-3.2.jar
2013-09-21 06:25:56.462+0000 INFO  [o.n.k.i.DiagnosticsManager]:  [classpath + loader.0] file:/host/WikiEx/Crawler/lib/neo4j-community-1.9.2/lib/neo4j-graph-algo-1.9.2.jar
2013-09-21 06:25:56.463+0000 INFO  [o.n.k.i.DiagnosticsManager]:  [bootstrap] /usr/local/java/jdk1.7.0_40/jre/lib/resources.jar
2013-09-21 06:25:56.463+0000 INFO  [o.n.k.i.DiagnosticsManager]:  [classpath + loader.0] file:/host/WikiEx/Crawler/lib/neo4j-community-1.9.2/system/lib/logback-core-0.9.30.jar
2013-09-21 06:25:56.463+0000 INFO  [o.n.k.i.DiagnosticsManager]:  [classpath + loader.0] file:/host/WikiEx/Crawler/lib/neo4j-community-1.9.2/plugins/gremlin1.5/jettison-1.3.jar
2013-09-21 06:25:56.463+0000 INFO  [o.n.k.i.DiagnosticsManager]:  [classpath + loader.0] file:/host/WikiEx/Crawler/lib/neo4j-community-1.9.2/system/lib/commons-beanutils-1.8.0.jar
2013-09-21 06:25:56.463+0000 INFO  [o.n.k.i.DiagnosticsManager]:  [classpath + loader.0] file:/host/WikiEx/Crawler/lib/neo4j-community-1.9.2/lib/neo4j-kernel-1.9.2.jar
2013-09-21 06:25:56.463+0000 INFO  [o.n.k.i.DiagnosticsManager]:  [classpath + loader.0] file:/host/WikiEx/Crawler/lib/neo4j-community-1.9.2/system/lib/slf4j-api-1.6.2.jar
2013-09-21 06:25:56.463+0000 INFO  [o.n.k.i.DiagnosticsManager]:  [classpath + loader.0] file:/host/WikiEx/Crawler/lib/neo4j-community-1.9.2/system/lib/jetty-6.1.25.jar
2013-09-21 06:25:56.463+0000 INFO  [o.n.k.i.DiagnosticsManager]:  [classpath + loader.0] file:/host/WikiEx/Crawler/lib/neo4j-community-1.9.2/lib/geronimo-jta_1.1_spec-1.1.1.jar
2013-09-21 06:25:56.464+0000 INFO  [o.n.k.i.DiagnosticsManager]:  [classpath + loader.0] file:/host/WikiEx/Crawler/lib/neo4j-community-1.9.2/system/lib/jsr311-api-1.1.2.r612.jar
2013-09-21 06:25:56.464+0000 INFO  [o.n.k.i.DiagnosticsManager]:  [classpath + loader.0] file:/host/WikiEx/Crawler/lib/neo4j-community-1.9.2/plugins/gremlin1.5/stax-api-1.0.1.jar
2013-09-21 06:25:56.464+0000 INFO  [o.n.k.i.DiagnosticsManager]:  [classpath + loader.0] file:/host/WikiEx/Crawler/lib/neo4j-community-1.9.2/lib/server-api-1.9.2.jar
2013-09-21 06:25:56.464+0000 INFO  [o.n.k.i.DiagnosticsManager]:  [classpath + loader.0] file:/host/WikiEx/Crawler/lib/neo4j-community-1.9.2/lib/neo4j-udc-1.9.2.jar
2013-09-21 06:25:56.464+0000 INFO  [o.n.k.i.DiagnosticsManager]: Library path:
2013-09-21 06:25:56.464+0000 INFO  [o.n.k.i.DiagnosticsManager]: /usr/java/packages/lib/i386
2013-09-21 06:25:56.465+0000 INFO  [o.n.k.i.DiagnosticsManager]: /lib
2013-09-21 06:25:56.465+0000 INFO  [o.n.k.i.DiagnosticsManager]: /usr/lib
2013-09-21 06:25:56.465+0000 INFO  [o.n.k.i.DiagnosticsManager]: System.properties:
2013-09-21 06:25:56.465+0000 INFO  [o.n.k.i.DiagnosticsManager]: sun.boot.library.path = /usr/local/java/jdk1.7.0_40/jre/lib/i386
2013-09-21 06:25:56.465+0000 INFO  [o.n.k.i.DiagnosticsManager]: org.neo4j.server.properties = conf/neo4j-server.properties
2013-09-21 06:25:56.466+0000 INFO  [o.n.k.i.DiagnosticsManager]: path.separator = :
2013-09-21 06:25:56.466+0000 INFO  [o.n.k.i.DiagnosticsManager]: file.encoding.pkg = sun.io
2013-09-21 06:25:56.466+0000 INFO  [o.n.k.i.DiagnosticsManager]: user.country = US
2013-09-21 06:25:56.466+0000 INFO  [o.n.k.i.DiagnosticsManager]: sun.java.launcher = SUN_STANDARD
2013-09-21 06:25:56.466+0000 INFO  [o.n.k.i.DiagnosticsManager]: sun.os.patch.level = unknown
2013-09-21 06:25:56.466+0000 INFO  [o.n.k.i.DiagnosticsManager]: user.dir = /host/WikiEx/Crawler/lib/neo4j-community-1.9.2
2013-09-21 06:25:56.466+0000 INFO  [o.n.k.i.DiagnosticsManager]: log4j.configuration = file:conf/log4j.properties
2013-09-21 06:25:56.466+0000 INFO  [o.n.k.i.DiagnosticsManager]: sun.jnu.encoding = UTF-8
2013-09-21 06:25:56.466+0000 INFO  [o.n.k.i.DiagnosticsManager]: sun.management.compiler = HotSpot Tiered Compilers
2013-09-21 06:25:56.467+0000 INFO  [o.n.k.i.DiagnosticsManager]: user.home = /home/tharindurusira
2013-09-21 06:25:56.467+0000 INFO  [o.n.k.i.DiagnosticsManager]: user.timezone = Asia/Colombo
2013-09-21 06:25:56.467+0000 INFO  [o.n.k.i.DiagnosticsManager]: file.encoding = UTF-8
2013-09-21 06:25:56.467+0000 INFO  [o.n.k.i.DiagnosticsManager]: user.name = tharindurusira
2013-09-21 06:25:56.467+0000 INFO  [o.n.k.i.DiagnosticsManager]: sun.java.command = org.neo4j.server.Bootstrapper
2013-09-21 06:25:56.467+0000 INFO  [o.n.k.i.DiagnosticsManager]: sun.arch.data.model = 32
2013-09-21 06:25:56.467+0000 INFO  [o.n.k.i.DiagnosticsManager]: user.language = en
2013-09-21 06:25:56.467+0000 INFO  [o.n.k.i.DiagnosticsManager]: awt.toolkit = sun.awt.X11.XToolkit
2013-09-21 06:25:56.467+0000 INFO  [o.n.k.i.DiagnosticsManager]: file.separator = /
2013-09-21 06:25:56.468+0000 INFO  [o.n.k.i.DiagnosticsManager]: sun.io.unicode.encoding = UnicodeLittle
2013-09-21 06:25:56.468+0000 INFO  [o.n.k.i.DiagnosticsManager]: sun.cpu.endian = little
2013-09-21 06:25:56.468+0000 INFO  [o.n.k.i.DiagnosticsManager]: neo4j.instance = /home/tharindurusira/Desktop/WikiEx/Crawler/lib/neo4j-community-1.9.2
2013-09-21 06:25:56.468+0000 INFO  [o.n.k.i.DiagnosticsManager]: sun.desktop = gnome
2013-09-21 06:25:56.468+0000 INFO  [o.n.k.i.DiagnosticsManager]: neo4j.home = /home/tharindurusira/Desktop/WikiEx/Crawler/lib/neo4j-community-1.9.2
2013-09-21 06:25:56.468+0000 INFO  [o.n.k.i.DiagnosticsManager]: sun.cpu.isalist = 
2013-09-21 06:25:56.468+0000 INFO  [o.n.k.i.DiagnosticsManager]: Linux scheduler information:
2013-09-21 06:25:56.470+0000 INFO  [o.n.k.i.DiagnosticsManager]: none
2013-09-21 06:25:56.470+0000 INFO  [o.n.k.i.DiagnosticsManager]: none
2013-09-21 06:25:56.471+0000 INFO  [o.n.k.i.DiagnosticsManager]: none
2013-09-21 06:25:56.471+0000 INFO  [o.n.k.i.DiagnosticsManager]: none
2013-09-21 06:25:56.471+0000 INFO  [o.n.k.i.DiagnosticsManager]: none
2013-09-21 06:25:56.471+0000 INFO  [o.n.k.i.DiagnosticsManager]: none
2013-09-21 06:25:56.471+0000 INFO  [o.n.k.i.DiagnosticsManager]: none
2013-09-21 06:25:56.472+0000 INFO  [o.n.k.i.DiagnosticsManager]: none
2013-09-21 06:25:56.472+0000 INFO  [o.n.k.i.DiagnosticsManager]: none
2013-09-21 06:25:56.472+0000 INFO  [o.n.k.i.DiagnosticsManager]: none
2013-09-21 06:25:56.472+0000 INFO  [o.n.k.i.DiagnosticsManager]: none
2013-09-21 06:25:56.472+0000 INFO  [o.n.k.i.DiagnosticsManager]: none
2013-09-21 06:25:56.473+0000 INFO  [o.n.k.i.DiagnosticsManager]: none
2013-09-21 06:25:56.473+0000 INFO  [o.n.k.i.DiagnosticsManager]: none
2013-09-21 06:25:56.473+0000 INFO  [o.n.k.i.DiagnosticsManager]: none
2013-09-21 06:25:56.473+0000 INFO  [o.n.k.i.DiagnosticsManager]: none
2013-09-21 06:25:56.473+0000 INFO  [o.n.k.i.DiagnosticsManager]: none
2013-09-21 06:25:56.474+0000 INFO  [o.n.k.i.DiagnosticsManager]: none
2013-09-21 06:25:56.474+0000 INFO  [o.n.k.i.DiagnosticsManager]: none
2013-09-21 06:25:56.474+0000 INFO  [o.n.k.i.DiagnosticsManager]: none
2013-09-21 06:25:56.474+0000 INFO  [o.n.k.i.DiagnosticsManager]: none
2013-09-21 06:25:56.474+0000 INFO  [o.n.k.i.DiagnosticsManager]: none
2013-09-21 06:25:56.475+0000 INFO  [o.n.k.i.DiagnosticsManager]: none
2013-09-21 06:25:56.475+0000 INFO  [o.n.k.i.DiagnosticsManager]: none
2013-09-21 06:25:56.475+0000 INFO  [o.n.k.i.DiagnosticsManager]: noop deadline [cfq] 
2013-09-21 06:25:56.475+0000 INFO  [o.n.k.i.DiagnosticsManager]: noop deadline [cfq] 
2013-09-21 06:25:56.475+0000 INFO  [o.n.k.i.DiagnosticsManager]: noop deadline [cfq] 
2013-09-21 06:25:56.476+0000 INFO  [o.n.k.i.DiagnosticsManager]: noop deadline [cfq] 
2013-09-21 06:25:56.476+0000 INFO  [o.n.k.i.DiagnosticsManager]: noop deadline [cfq] 
2013-09-21 06:25:56.476+0000 INFO  [o.n.k.i.DiagnosticsManager]: Network information:
2013-09-21 06:25:56.477+0000 INFO  [o.n.k.i.DiagnosticsManager]: Interface ppp0:
2013-09-21 06:25:56.478+0000 INFO  [o.n.k.i.DiagnosticsManager]:     address: 101.2.185.104
2013-09-21 06:25:56.478+0000 INFO  [o.n.k.i.DiagnosticsManager]: Interface lo:
2013-09-21 06:25:56.478+0000 INFO  [o.n.k.i.DiagnosticsManager]:     address: 0:0:0:0:0:0:0:1%1
2013-09-21 06:25:56.478+0000 INFO  [o.n.k.i.DiagnosticsManager]:     address: 127.0.0.1
2013-09-21 06:25:56.478+0000 INFO  [o.n.k.i.DiagnosticsManager]: --- INITIALIZED diagnostics END ---
2013-09-21 06:25:56.581+0000 INFO  [o.n.k.i.n.s.StoreFactory]: [data/graph.db/neostore.relationshiptypestore.db.names] brickCount=0 brickSize=0b mappedMem=0b (storeSize=76b)
2013-09-21 06:25:56.585+0000 INFO  [o.n.k.i.n.s.StoreFactory]: [data/graph.db/neostore.relationshiptypestore.db] brickCount=0 brickSize=0b mappedMem=0b (storeSize=5b)
2013-09-21 06:25:56.585+0000 INFO  [o.n.k.i.n.s.StoreFactory]: [data/graph.db/neostore.propertystore.db.strings] brickCount=0 brickSize=267264b mappedMem=267386880b (storeSize=2816b)
2013-09-21 06:25:56.586+0000 INFO  [o.n.k.i.n.s.StoreFactory]: [data/graph.db/neostore.propertystore.db.index.keys] brickCount=0 brickSize=0b mappedMem=0b (storeSize=190b)
2013-09-21 06:25:56.587+0000 INFO  [o.n.k.i.n.s.StoreFactory]: [data/graph.db/neostore.propertystore.db.index] brickCount=0 brickSize=0b mappedMem=0b (storeSize=36b)
2013-09-21 06:25:56.588+0000 INFO  [o.n.k.i.n.s.StoreFactory]: [data/graph.db/neostore.propertystore.db.arrays] brickCount=0 brickSize=302976b mappedMem=303038464b (storeSize=128b)
2013-09-21 06:25:56.591+0000 INFO  [o.n.k.i.n.s.StoreFactory]: [data/graph.db/neostore.propertystore.db] brickCount=0 brickSize=314552b mappedMem=314572800b (storeSize=16769b)
2013-09-21 06:25:56.593+0000 INFO  [o.n.k.i.n.s.StoreFactory]: [data/graph.db/neostore.relationshipstore.db] brickCount=0 brickSize=385869b mappedMem=385875968b (storeSize=13398b)
2013-09-21 06:25:56.595+0000 INFO  [o.n.k.i.n.s.StoreFactory]: [data/graph.db/neostore.nodestore.db] brickCount=0 brickSize=87030b mappedMem=87031808b (storeSize=3672b)
2013-09-21 06:25:56.596+0000 INFO  [o.n.k.i.n.s.StoreFactory]: [data/graph.db/neostore] brickCount=0 brickSize=0b mappedMem=0b (storeSize=54b)
2013-09-21 06:25:56.612+0000 INFO  [o.n.k.i.t.x.XaLogicalLog]: Opened logical log [data/graph.db/nioneo_logical.log.1] version=1, lastTxId=408 (clean)
2013-09-21 06:25:56.877+0000 INFO  [o.n.k.i.t.TxManager]: TM opening log: data/graph.db/tm_tx_log.2
2013-09-21 06:25:57.008+0000 INFO  [o.n.k.i.t.x.XaLogicalLog]: Opened logical log [data/graph.db/index/lucene.log.1] version=1, lastTxId=1 (clean)
2013-09-21 06:25:57.111+0000 INFO  [o.n.k.i.DiagnosticsManager]: --- STARTED diagnostics for KernelDiagnostics:Versions START ---
2013-09-21 06:25:57.111+0000 INFO  [o.n.k.i.DiagnosticsManager]: Graph Database: org.neo4j.kernel.EmbeddedGraphDatabase StoreId[time:1379743968795, id:6360617835685822574, store version: 13561656364791302]
2013-09-21 06:25:57.111+0000 INFO  [o.n.k.i.DiagnosticsManager]: Kernel version: Neo4j - Graph Database Kernel 1.9.2
2013-09-21 06:25:57.111+0000 INFO  [o.n.k.i.DiagnosticsManager]: Neo4j component versions:
2013-09-21 06:25:57.113+0000 INFO  [o.n.k.i.DiagnosticsManager]:   Neo4j - Graph Database Kernel 1.9.2
2013-09-21 06:25:57.113+0000 INFO  [o.n.k.i.DiagnosticsManager]: --- STARTED diagnostics for KernelDiagnostics:Versions END ---
2013-09-21 06:25:57.115+0000 INFO  [o.n.k.i.DiagnosticsManager]: --- STARTED diagnostics for NEO_STORE_VERSIONS START ---
2013-09-21 06:25:57.115+0000 INFO  [o.n.k.i.DiagnosticsManager]: Store versions:
2013-09-21 06:25:57.116+0000 INFO  [o.n.k.i.DiagnosticsManager]: Store versions:
2013-09-21 06:25:57.116+0000 INFO  [o.n.k.i.DiagnosticsManager]:   NeoStore v0.A.0
2013-09-21 06:25:57.116+0000 INFO  [o.n.k.i.DiagnosticsManager]:   NodeStore v0.A.0
2013-09-21 06:25:57.116+0000 INFO  [o.n.k.i.DiagnosticsManager]:   RelationshipStore v0.A.0
2013-09-21 06:25:57.116+0000 INFO  [o.n.k.i.DiagnosticsManager]:   RelationshipTypeStore v0.A.0
2013-09-21 06:25:57.116+0000 INFO  [o.n.k.i.DiagnosticsManager]:   PropertyStore v0.A.0
2013-09-21 06:25:57.116+0000 INFO  [o.n.k.i.DiagnosticsManager]:   PropertyIndexStore v0.A.0
2013-09-21 06:25:57.116+0000 INFO  [o.n.k.i.DiagnosticsManager]:   StringPropertyStore v0.A.0
2013-09-21 06:25:57.117+0000 INFO  [o.n.k.i.DiagnosticsManager]:   ArrayPropertyStore v0.A.0
2013-09-21 06:25:57.117+0000 INFO  [o.n.k.i.DiagnosticsManager]: --- STARTED diagnostics for NEO_STORE_VERSIONS END ---
2013-09-21 06:25:57.117+0000 INFO  [o.n.k.i.DiagnosticsManager]: --- STARTED diagnostics for NEO_STORE_ID_USAGE START ---
2013-09-21 06:25:57.117+0000 INFO  [o.n.k.i.DiagnosticsManager]: Id usage:
2013-09-21 06:25:57.117+0000 INFO  [o.n.k.i.DiagnosticsManager]: Id usage:
2013-09-21 06:25:57.117+0000 INFO  [o.n.k.i.DiagnosticsManager]:   NodeStore: used=408 high=407
2013-09-21 06:25:57.117+0000 INFO  [o.n.k.i.DiagnosticsManager]:   RelationshipStore: used=406 high=405
2013-09-21 06:25:57.118+0000 INFO  [o.n.k.i.DiagnosticsManager]:   RelationshipTypeStore: used=1 high=0
2013-09-21 06:25:57.118+0000 INFO  [o.n.k.i.DiagnosticsManager]:   PropertyStore: used=409 high=408
2013-09-21 06:25:57.118+0000 INFO  [o.n.k.i.DiagnosticsManager]:   PropertyIndexStore: used=4 high=3
2013-09-21 06:25:57.118+0000 INFO  [o.n.k.i.DiagnosticsManager]:   StringPropertyStore: used=22 high=21
2013-09-21 06:25:57.118+0000 INFO  [o.n.k.i.DiagnosticsManager]:   ArrayPropertyStore: used=1 high=0
2013-09-21 06:25:57.118+0000 INFO  [o.n.k.i.DiagnosticsManager]: --- STARTED diagnostics for NEO_STORE_ID_USAGE END ---
2013-09-21 06:25:57.118+0000 INFO  [o.n.k.i.DiagnosticsManager]: --- STARTED diagnostics for PERSISTENCE_WINDOW_POOL_STATS START ---
2013-09-21 06:25:57.119+0000 INFO  [o.n.k.i.DiagnosticsManager]: --- STARTED diagnostics for PERSISTENCE_WINDOW_POOL_STATS END ---
2013-09-21 06:25:57.119+0000 INFO  [o.n.k.i.DiagnosticsManager]: --- STARTED diagnostics for KernelDiagnostics:StoreFiles START ---
2013-09-21 06:25:57.119+0000 INFO  [o.n.k.i.DiagnosticsManager]: Disk space on partition (Total / Free / Free %): 178257915904 / 89265487872 / 50
Storage files: (filename : modification date - size)
2013-09-21 06:25:57.120+0000 INFO  [o.n.k.i.DiagnosticsManager]:   neostore.propertystore.db.index.keys: 2013-09-21T11:55:56+0530 - 190.00 B
2013-09-21 06:25:57.120+0000 INFO  [o.n.k.i.DiagnosticsManager]:   active_tx_log: 2013-09-21T11:44:51+0530 - 11.00 B
2013-09-21 06:25:57.120+0000 INFO  [o.n.k.i.DiagnosticsManager]:   index:
2013-09-21 06:25:57.121+0000 INFO  [o.n.k.i.DiagnosticsManager]:     lucene-store.db: 2013-09-21T11:45:15+0530 - 40.00 B
2013-09-21 06:25:57.121+0000 INFO  [o.n.k.i.DiagnosticsManager]:     lucene.log.1: 2013-09-21T11:55:57+0530 - 16.00 B
2013-09-21 06:25:57.122+0000 INFO  [o.n.k.i.DiagnosticsManager]:     lucene.log.active: 2013-09-21T11:55:57+0530 - 4.00 B
2013-09-21 06:25:57.122+0000 INFO  [o.n.k.i.DiagnosticsManager]:     lucene.log.v0: 2013-09-21T11:45:15+0530 - 16.00 B
2013-09-21 06:25:57.122+0000 INFO  [o.n.k.i.DiagnosticsManager]:   - Total: 2013-09-21T11:55:57+0530 - 76.00 B
2013-09-21 06:25:57.123+0000 INFO  [o.n.k.i.DiagnosticsManager]:   lock: 2013-09-21T11:55:56+0530 - 0.00 B
2013-09-21 06:25:57.123+0000 INFO  [o.n.k.i.DiagnosticsManager]:   messages.log: 2013-09-21T11:55:57+0530 - 49.62 kB
2013-09-21 06:25:57.123+0000 INFO  [o.n.k.i.DiagnosticsManager]:   neostore: 2013-09-21T11:55:56+0530 - 54.00 B
2013-09-21 06:25:57.124+0000 INFO  [o.n.k.i.DiagnosticsManager]:   neostore.id: 2013-09-21T11:55:56+0530 - 9.00 B
2013-09-21 06:25:57.124+0000 INFO  [o.n.k.i.DiagnosticsManager]:   neostore.nodestore.db: 2013-09-21T11:55:56+0530 - 3.59 kB
2013-09-21 06:25:57.125+0000 INFO  [o.n.k.i.DiagnosticsManager]:   neostore.nodestore.db.id: 2013-09-21T11:55:56+0530 - 9.00 B
2013-09-21 06:25:57.125+0000 INFO  [o.n.k.i.DiagnosticsManager]:   neostore.propertystore.db: 2013-09-21T11:55:56+0530 - 16.38 kB
2013-09-21 06:25:57.126+0000 INFO  [o.n.k.i.DiagnosticsManager]:   neostore.propertystore.db.arrays: 2013-09-21T11:55:56+0530 - 128.00 B
2013-09-21 06:25:57.127+0000 INFO  [o.n.k.i.DiagnosticsManager]:   neostore.propertystore.db.arrays.id: 2013-09-21T11:55:56+0530 - 9.00 B
2013-09-21 06:25:57.128+0000 INFO  [o.n.k.i.DiagnosticsManager]:   neostore.propertystore.db.id: 2013-09-21T11:55:56+0530 - 9.00 B
2013-09-21 06:25:57.129+0000 INFO  [o.n.k.i.DiagnosticsManager]:   neostore.propertystore.db.index: 2013-09-21T11:55:56+0530 - 36.00 B
2013-09-21 06:25:57.130+0000 INFO  [o.n.k.i.DiagnosticsManager]:   neostore.propertystore.db.index.id: 2013-09-21T11:55:56+0530 - 9.00 B
2013-09-21 06:25:57.130+0000 INFO  [o.n.k.i.DiagnosticsManager]:   neostore.propertystore.db.index.keys.id: 2013-09-21T11:55:56+0530 - 9.00 B
2013-09-21 06:25:57.131+0000 INFO  [o.n.k.i.DiagnosticsManager]:   neostore.propertystore.db.strings: 2013-09-21T11:55:56+0530 - 2.75 kB
2013-09-21 06:25:57.132+0000 INFO  [o.n.k.i.DiagnosticsManager]:   neostore.propertystore.db.strings.id: 2013-09-21T11:55:56+0530 - 9.00 B
2013-09-21 06:25:57.133+0000 INFO  [o.n.k.i.DiagnosticsManager]:   neostore.relationshipstore.db: 2013-09-21T11:55:56+0530 - 13.08 kB
2013-09-21 06:25:57.133+0000 INFO  [o.n.k.i.DiagnosticsManager]:   neostore.relationshipstore.db.id: 2013-09-21T11:55:56+0530 - 9.00 B
2013-09-21 06:25:57.134+0000 INFO  [o.n.k.i.DiagnosticsManager]:   neostore.relationshiptypestore.db: 2013-09-21T11:55:56+0530 - 5.00 B
2013-09-21 06:25:57.135+0000 INFO  [o.n.k.i.DiagnosticsManager]:   neostore.relationshiptypestore.db.id: 2013-09-21T11:55:56+0530 - 9.00 B
2013-09-21 06:25:57.135+0000 INFO  [o.n.k.i.DiagnosticsManager]:   neostore.relationshiptypestore.db.names: 2013-09-21T11:55:56+0530 - 76.00 B
2013-09-21 06:25:57.136+0000 INFO  [o.n.k.i.DiagnosticsManager]:   neostore.relationshiptypestore.db.names.id: 2013-09-21T11:55:56+0530 - 9.00 B
2013-09-21 06:25:57.137+0000 INFO  [o.n.k.i.DiagnosticsManager]:   nioneo_logical.log.1: 2013-09-21T11:55:56+0530 - 16.00 B
2013-09-21 06:25:57.138+0000 INFO  [o.n.k.i.DiagnosticsManager]:   nioneo_logical.log.active: 2013-09-21T11:55:56+0530 - 4.00 B
2013-09-21 06:25:57.139+0000 INFO  [o.n.k.i.DiagnosticsManager]:   nioneo_logical.log.v0: 2013-09-21T11:45:15+0530 - 146.40 kB
2013-09-21 06:25:57.139+0000 INFO  [o.n.k.i.DiagnosticsManager]:   store_lock: 2013-09-21T11:42:48+0530 - 0.00 B
2013-09-21 06:25:57.140+0000 INFO  [o.n.k.i.DiagnosticsManager]:   tm_tx_log.1: 2013-09-21T11:44:51+0530 - 28.68 kB
2013-09-21 06:25:57.141+0000 INFO  [o.n.k.i.DiagnosticsManager]:   tm_tx_log.2: 2013-09-21T11:55:56+0530 - 0.00 B
2013-09-21 06:25:57.141+0000 INFO  [o.n.k.i.DiagnosticsManager]: --- STARTED diagnostics for KernelDiagnostics:StoreFiles END ---
2013-09-21 06:25:57.146+0000 INFO  [o.n.k.EmbeddedGraphDatabase]: Started - database is now available
2013-09-21 06:25:57.146+0000 INFO  [o.n.k.EmbeddedGraphDatabase]: GC Monitor started. 
2013-09-21 06:25:58.211+0000 INFO  [o.n.k.i.DiagnosticsManager]: --- SERVER STARTED START ---
2013-09-21 06:25:58.211+0000 INFO  [o.n.k.i.DiagnosticsManager]: --- STARTED diagnostics for org.neo4j.server.configuration.Configurator START ---
2013-09-21 06:25:58.214+0000 INFO  [o.n.k.i.DiagnosticsManager]: Server configuration:
2013-09-21 06:25:58.215+0000 INFO  [o.n.k.i.DiagnosticsManager]: org.neo4j.server.database.location = data/graph.db
2013-09-21 06:25:58.215+0000 INFO  [o.n.k.i.DiagnosticsManager]: org.neo4j.server.webserver.port = 7474
2013-09-21 06:25:58.216+0000 INFO  [o.n.k.i.DiagnosticsManager]: org.neo4j.server.webserver.https.enabled = true
2013-09-21 06:25:58.216+0000 INFO  [o.n.k.i.DiagnosticsManager]: org.neo4j.server.webserver.https.port = 7473
2013-09-21 06:25:58.216+0000 INFO  [o.n.k.i.DiagnosticsManager]: org.neo4j.server.webserver.https.cert.location = conf/ssl/snakeoil.cert
2013-09-21 06:25:58.216+0000 INFO  [o.n.k.i.DiagnosticsManager]: org.neo4j.server.webserver.https.key.location = conf/ssl/snakeoil.key
2013-09-21 06:25:58.216+0000 INFO  [o.n.k.i.DiagnosticsManager]: org.neo4j.server.webserver.https.keystore.location = data/keystore
2013-09-21 06:25:58.217+0000 INFO  [o.n.k.i.DiagnosticsManager]: org.neo4j.server.webadmin.rrdb.location = data/rrd
2013-09-21 06:25:58.217+0000 INFO  [o.n.k.i.DiagnosticsManager]: org.neo4j.server.db.tuning.properties = conf/neo4j.properties
2013-09-21 06:25:58.217+0000 INFO  [o.n.k.i.DiagnosticsManager]: org.neo4j.server.manage.console_engines = [gremlin, shell]
2013-09-21 06:25:58.217+0000 INFO  [o.n.k.i.DiagnosticsManager]: org.neo4j.server.http.log.enabled = false
2013-09-21 06:25:58.217+0000 INFO  [o.n.k.i.DiagnosticsManager]: org.neo4j.server.http.log.config = conf/neo4j-http-logging.xml
2013-09-21 06:25:58.217+0000 INFO  [o.n.k.i.DiagnosticsManager]: org.neo4j.server.webadmin.management.uri = /db/manage/
2013-09-21 06:25:58.217+0000 INFO  [o.n.k.i.DiagnosticsManager]: org.neo4j.server.webadmin.data.uri = /db/data/
2013-09-21 06:25:58.217+0000 INFO  [o.n.k.i.DiagnosticsManager]: --- STARTED diagnostics for org.neo4j.server.configuration.Configurator END ---
2013-09-21 06:25:58.222+0000 INFO  [o.n.k.i.DiagnosticsManager]: Mounted discovery module (org.neo4j.server.rest.discovery) at: /
2013-09-21 06:25:58.262+0000 INFO  [o.n.k.i.DiagnosticsManager]: Loaded server plugin "CypherPlugin" (org.neo4j.server.plugin.cypher.CypherPlugin)
2013-09-21 06:25:58.264+0000 INFO  [o.n.k.i.DiagnosticsManager]:   GraphDatabaseService.execute_query: execute a query
2013-09-21 06:25:58.265+0000 INFO  [o.n.k.i.DiagnosticsManager]: Loaded server plugin "GremlinPlugin" (org.neo4j.server.plugin.gremlin.GremlinPlugin)
2013-09-21 06:25:58.266+0000 INFO  [o.n.k.i.DiagnosticsManager]:   GraphDatabaseService.execute_script: execute a Gremlin script with 'g' set to the Neo4jGraph and 'results' containing the results. Only results of one object type is supported.
2013-09-21 06:25:58.266+0000 INFO  [o.n.k.i.DiagnosticsManager]: Mounted REST API at: /db/data/
2013-09-21 06:25:58.270+0000 INFO  [o.n.k.i.DiagnosticsManager]: Mounted management API at: /db/manage/
2013-09-21 06:25:58.400+0000 INFO  [o.n.k.i.DiagnosticsManager]: Mounted webadmin at: /webadmin
2013-09-21 06:26:00.172+0000 INFO  [o.n.k.i.DiagnosticsManager]: Server started on: http://localhost:7474/
2013-09-21 06:26:00.174+0000 INFO  [o.n.k.i.DiagnosticsManager]: --- SERVER STARTED END ---
