2013-09-26 20:26:59.841+0000 INFO  [org.neo4j]: WARNING! You are using an unsupported Java runtime. Please use Oracle(R) Java(TM) Runtime Environment 7.
2013-09-26 20:26:59.944+0000 INFO  [org.neo4j]: --- INITIALIZED diagnostics START ---
2013-09-26 20:26:59.945+0000 INFO  [org.neo4j]: Neo4j Kernel properties:
    neostore.propertystore.db.mapped_memory=315M
    neostore.nodestore.db.mapped_memory=87M
    neostore.relationshipstore.db.mapped_memory=386M
    neostore.propertystore.db.strings.mapped_memory=268M
    store_dir=lib/neo4j-community-1.9.2/data/WikiEx.db
    neostore.propertystore.db.arrays.mapped_memory=303M
    ephemeral=false
2013-09-26 20:26:59.950+0000 INFO  [org.neo4j]: Diagnostics providers:
    org.neo4j.kernel.configuration.Config
    org.neo4j.kernel.info.DiagnosticsManager
    SYSTEM_MEMORY
    JAVA_MEMORY
    OPERATING_SYSTEM
    JAVA_VIRTUAL_MACHINE
    CLASSPATH
    LIBRARY_PATH
    SYSTEM_PROPERTIES
    LINUX_SCHEDULERS
    NETWORK
2013-09-26 20:26:59.951+0000 INFO  [org.neo4j]: System memory information:
    Total Physical memory: 3.80 GB
    Free Physical memory: 384.79 MB
    Committed virtual memory: 1.21 GB
    Total swap space: 256.00 MB
    Free swap space: 255.87 MB
2013-09-26 20:26:59.957+0000 INFO  [org.neo4j]: JVM memory information:
    Free  memory: 46.98 MB
    Total memory: 58.38 MB
    Max   memory: 865.81 MB
    Garbage Collector: PS Scavenge: [PS Eden Space, PS Survivor Space]
    Garbage Collector: PS MarkSweep: [PS Eden Space, PS Survivor Space, PS Old Gen, PS Perm Gen]
    Memory Pool: Code Cache (Non-heap memory): committed=2.25 MB, used=331.13 kB, max=48.00 MB, threshold=0.00 B
    Memory Pool: PS Eden Space (Heap memory): committed=15.25 MB, used=11.39 MB, max=319.63 MB, threshold=?
    Memory Pool: PS Survivor Space (Heap memory): committed=2.50 MB, used=0.00 B, max=2.50 MB, threshold=?
    Memory Pool: PS Old Gen (Heap memory): committed=40.63 MB, used=0.00 B, max=649.38 MB, threshold=0.00 B
    Memory Pool: PS Perm Gen (Non-heap memory): committed=16.00 MB, used=4.21 MB, max=128.00 MB, threshold=0.00 B
2013-09-26 20:26:59.963+0000 INFO  [org.neo4j]: Operating system information:
    Operating System: Linux; version: 3.2.0-53-generic-pae; arch: i386; cpus: 4
    Max number of file descriptors: 4096
    Number of open file descriptors: 29
    Process id: 11919@ubuntu
    Byte order: LITTLE_ENDIAN
    Local timezone: Asia/Colombo
2013-09-26 20:26:59.972+0000 INFO  [org.neo4j]: JVM information:
    VM Name: OpenJDK Server VM
    VM Vendor: Oracle Corporation
    VM Version: 23.7-b01
    JIT compiler: HotSpot Tiered Compilers
    VM Arguments: [-Dfile.encoding=UTF-8]
2013-09-26 20:26:59.973+0000 INFO  [org.neo4j]: Java classpath:
     [bootstrap] /usr/lib/jvm/java-7-openjdk-i386/jre/lib/plugin.jar
     [loader.1] file:/usr/lib/jvm/java-7-openjdk-common/jre/lib/ext/sunpkcs11.jar
     [bootstrap] /usr/lib/jvm/java-7-openjdk-i386/jre/classes
     [loader.1] file:/usr/lib/jvm/java-7-openjdk-common/jre/lib/ext/localedata.jar
     [classpath + loader.0] file:/home/milinda/workspace/ExampleCrawler/lib/neo4j-community-1.9.2/lib/neo4j-lucene-index-1.9.2.jar
     [classpath + loader.0] file:/home/milinda/workspace/ExampleCrawler/lib/neo4j-community-1.9.2/lib/concurrentlinkedhashmap-lru-1.3.1.jar
     [classpath + loader.0] file:/home/milinda/workspace/Crawler/bin/
     [classpath + loader.0] file:/home/milinda/workspace/ExampleCrawler/lib/neo4j-community-1.9.2/lib/scala-library-2.10.0.jar
     [loader.1] file:/usr/lib/jvm/java-7-openjdk-common/jre/lib/ext/dnsns.jar
     [bootstrap] /usr/lib/jvm/java-7-openjdk-i386/jre/lib/jsse.jar
     [bootstrap] /usr/lib/jvm/java-7-openjdk-i386/jre/lib/netx.jar
     [classpath + loader.0] file:/home/milinda/workspace/ExampleCrawler/lib/neo4j-community-1.9.2/lib/neo4j-jmx-1.9.2.jar
     [loader.1] file:/usr/share/java/java-atk-wrapper.jar
     [bootstrap] /usr/lib/jvm/java-7-openjdk-i386/jre/lib/jce.jar
     [classpath + loader.0] file:/home/milinda/workspace/ExampleCrawler/lib/neo4j-community-1.9.2/lib/neo4j-graph-algo-1.9.2.jar
     [classpath + loader.0] file:/home/milinda/workspace/ExampleCrawler/lib/neo4j-community-1.9.2/lib/neo4j-cypher-1.9.2.jar
     [loader.1] file:/usr/lib/jvm/java-7-openjdk-common/jre/lib/ext/sunjce_provider.jar
     [classpath + loader.0] file:/home/milinda/workspace/ExampleCrawler/lib/neo4j-community-1.9.2/lib/neo4j-shell-1.9.2.jar
     [bootstrap] /usr/lib/jvm/java-7-openjdk-i386/jre/lib/rt.jar
     [bootstrap] /usr/lib/jvm/java-7-openjdk-i386/jre/lib/rhino.jar
     [bootstrap] /usr/lib/jvm/java-7-openjdk-i386/jre/lib/jfr.jar
     [classpath + loader.0] file:/home/milinda/workspace/ExampleCrawler/lib/neo4j-community-1.9.2/lib/org.apache.servicemix.bundles.jline-0.9.94_1.jar
     [classpath + loader.0] file:/home/milinda/workspace/ExampleCrawler/lib/junit-4.11.jar
     [classpath + loader.0] file:/home/milinda/workspace/ExampleCrawler/lib/neo4j-community-1.9.2/lib/neo4j-udc-1.9.2.jar
     [classpath + loader.0] file:/home/milinda/workspace/ExampleCrawler/lib/jsoup-1.7.2.jar
     [classpath + loader.0] file:/home/milinda/workspace/ExampleCrawler/lib/neo4j-community-1.9.2/lib/neo4j-kernel-1.9.2.jar
     [loader.1] file:/usr/lib/jvm/java-7-openjdk-common/jre/lib/ext/pulse-java.jar
     [loader.1] file:/usr/lib/i386-linux-gnu/jni/libatk-wrapper.so.0.0.18
     [bootstrap] /usr/lib/jvm/java-7-openjdk-i386/jre/lib/charsets.jar
     [bootstrap] /usr/lib/jvm/java-7-openjdk-i386/jre/lib/sunrsasign.jar
     [classpath + loader.0] file:/home/milinda/workspace/ExampleCrawler/lib/neo4j-community-1.9.2/lib/neo4j-graph-matching-1.9.2.jar
     [bootstrap] /usr/lib/jvm/java-7-openjdk-common/jre/lib/resources.jar
     [classpath + loader.0] file:/home/milinda/workspace/ExampleCrawler/lib/neo4j-community-1.9.2/lib/server-api-1.9.2.jar
     [loader.1] file:/usr/lib/jvm/java-7-openjdk-common/jre/lib/ext/zipfs.jar
     [classpath + loader.0] file:/home/milinda/workspace/ExampleCrawler/lib/neo4j-community-1.9.2/lib/lucene-core-3.6.2.jar
     [classpath + loader.0] file:/home/milinda/workspace/ExampleCrawler/lib/neo4j-community-1.9.2/lib/geronimo-jta_1.1_spec-1.1.1.jar
2013-09-26 20:26:59.976+0000 INFO  [org.neo4j]: Library path:
    /usr/lib/jvm/java-7-openjdk-i386/jre/lib/i386/server
    /usr/lib/jvm/java-7-openjdk-i386/jre/lib/i386
    /usr/lib/jvm/java-7-openjdk-i386/lib/i386
    /usr/lib/jvm/java-6-openjdk-i386/jre/lib/i386/client
    /usr/lib/jvm/java-6-openjdk-i386/jre/lib/i386
    /home/milinda/workspace/Crawler
    /usr/java/packages/lib/i386
    /usr/lib/jni
    /lib
    /usr/lib
2013-09-26 20:26:59.977+0000 INFO  [org.neo4j]: System.properties:
    sun.boot.library.path = /usr/lib/jvm/java-7-openjdk-i386/jre/lib/i386
    path.separator = :
    file.encoding.pkg = sun.io
    user.country = US
    sun.java.launcher = SUN_STANDARD
    sun.os.patch.level = unknown
    user.dir = /home/milinda/workspace/Crawler
    sun.jnu.encoding = UTF-8
    sun.management.compiler = HotSpot Tiered Compilers
    user.home = /home/milinda
    user.timezone = Asia/Colombo
    file.encoding = UTF-8
    user.name = milinda
    sun.java.command = SimpleCrawler.SimpleWikiCrawler
    sun.arch.data.model = 32
    user.language = en
    awt.toolkit = sun.awt.X11.XToolkit
    file.separator = /
    sun.io.unicode.encoding = UnicodeLittle
    sun.cpu.endian = little
    sun.desktop = gnome
    sun.cpu.isalist = 
2013-09-26 20:26:59.978+0000 INFO  [org.neo4j]: Linux scheduler information:
    none
    none
    none
    none
    none
    none
    none
    none
    none
    none
    none
    none
    none
    none
    none
    none
    none
    none
    none
    none
    none
    none
    none
    none
    noop deadline [cfq] 
    noop deadline [cfq] 
    noop deadline [cfq] 
    noop deadline [cfq] 
    noop deadline [cfq] 
2013-09-26 20:26:59.983+0000 INFO  [org.neo4j]: Network information:
    Interface ppp0:
        address: 10.217.202.154
    Interface lo:
        address: 0:0:0:0:0:0:0:1%1
        address: 127.0.0.1
2013-09-26 20:26:59.985+0000 INFO  [org.neo4j]: --- INITIALIZED diagnostics END ---
2013-09-26 20:27:00.165+0000 INFO  [org.neo4j]: Creating new db @ lib/neo4j-community-1.9.2/data/WikiEx.db/neostore
2013-09-26 20:27:00.456+0000 INFO  [org.neo4j]: [lib/neo4j-community-1.9.2/data/WikiEx.db/neostore.nodestore.db] brickCount=0 brickSize=912258b mappedMem=91226112b (storeSize=0b)
2013-09-26 20:27:00.510+0000 INFO  [org.neo4j]: lib/neo4j-community-1.9.2/data/WikiEx.db/neostore.nodestore.db hit=1 miss=0 switches=0 ooe=0
2013-09-26 20:27:01.927+0000 INFO  [org.neo4j]: [lib/neo4j-community-1.9.2/data/WikiEx.db/neostore.relationshiptypestore.db.names] brickCount=0 brickSize=0b mappedMem=0b (storeSize=38b)
2013-09-26 20:27:01.933+0000 INFO  [org.neo4j]: [lib/neo4j-community-1.9.2/data/WikiEx.db/neostore.relationshiptypestore.db] brickCount=0 brickSize=0b mappedMem=0b (storeSize=0b)
2013-09-26 20:27:01.987+0000 INFO  [org.neo4j]: lib/neo4j-community-1.9.2/data/WikiEx.db/neostore.relationshiptypestore.db.names hit=0 miss=0 switches=0 ooe=0
2013-09-26 20:27:02.099+0000 INFO  [org.neo4j]: lib/neo4j-community-1.9.2/data/WikiEx.db/neostore.relationshiptypestore.db hit=0 miss=0 switches=0 ooe=0
2013-09-26 20:27:02.212+0000 INFO  [org.neo4j]: [lib/neo4j-community-1.9.2/data/WikiEx.db/neostore.relationshiptypestore.db.names] brickCount=0 brickSize=0b mappedMem=0b (storeSize=38b)
2013-09-26 20:27:02.213+0000 INFO  [org.neo4j]: [lib/neo4j-community-1.9.2/data/WikiEx.db/neostore.relationshiptypestore.db] brickCount=0 brickSize=0b mappedMem=0b (storeSize=0b)
2013-09-26 20:27:02.214+0000 INFO  [org.neo4j]: [lib/neo4j-community-1.9.2/data/WikiEx.db/neostore.propertystore.db.strings] brickCount=0 brickSize=280960b mappedMem=281018368b (storeSize=128b)
2013-09-26 20:27:02.215+0000 INFO  [org.neo4j]: [lib/neo4j-community-1.9.2/data/WikiEx.db/neostore.propertystore.db.index.keys] brickCount=0 brickSize=0b mappedMem=0b (storeSize=38b)
2013-09-26 20:27:02.219+0000 INFO  [org.neo4j]: [lib/neo4j-community-1.9.2/data/WikiEx.db/neostore.propertystore.db.index] brickCount=0 brickSize=0b mappedMem=0b (storeSize=0b)
2013-09-26 20:27:02.222+0000 INFO  [org.neo4j]: [lib/neo4j-community-1.9.2/data/WikiEx.db/neostore.propertystore.db.arrays] brickCount=0 brickSize=317696b mappedMem=317718528b (storeSize=128b)
2013-09-26 20:27:02.229+0000 INFO  [org.neo4j]: [lib/neo4j-community-1.9.2/data/WikiEx.db/neostore.propertystore.db] brickCount=0 brickSize=3303001b mappedMem=330301440b (storeSize=0b)
2013-09-26 20:27:02.232+0000 INFO  [org.neo4j]: [lib/neo4j-community-1.9.2/data/WikiEx.db/neostore.relationshipstore.db] brickCount=0 brickSize=4047483b mappedMem=404750336b (storeSize=0b)
2013-09-26 20:27:02.233+0000 INFO  [org.neo4j]: [lib/neo4j-community-1.9.2/data/WikiEx.db/neostore.nodestore.db] brickCount=0 brickSize=91224b mappedMem=91226112b (storeSize=9b)
2013-09-26 20:27:02.233+0000 INFO  [org.neo4j]: [lib/neo4j-community-1.9.2/data/WikiEx.db/neostore] brickCount=0 brickSize=0b mappedMem=0b (storeSize=0b)
2013-09-26 20:27:02.299+0000 INFO  [org.neo4j]: lib/neo4j-community-1.9.2/data/WikiEx.db/neostore.relationshiptypestore.db.names hit=0 miss=0 switches=0 ooe=0
2013-09-26 20:27:02.421+0000 INFO  [org.neo4j]: lib/neo4j-community-1.9.2/data/WikiEx.db/neostore.relationshiptypestore.db hit=0 miss=0 switches=0 ooe=0
2013-09-26 20:27:02.558+0000 INFO  [org.neo4j]: lib/neo4j-community-1.9.2/data/WikiEx.db/neostore.propertystore.db.strings hit=0 miss=0 switches=0 ooe=0
2013-09-26 20:27:02.684+0000 INFO  [org.neo4j]: lib/neo4j-community-1.9.2/data/WikiEx.db/neostore.propertystore.db.index.keys hit=0 miss=0 switches=0 ooe=0
2013-09-26 20:27:02.788+0000 INFO  [org.neo4j]: lib/neo4j-community-1.9.2/data/WikiEx.db/neostore.propertystore.db.index hit=0 miss=0 switches=0 ooe=0
2013-09-26 20:27:02.913+0000 INFO  [org.neo4j]: lib/neo4j-community-1.9.2/data/WikiEx.db/neostore.propertystore.db.arrays hit=0 miss=0 switches=0 ooe=0
2013-09-26 20:27:03.020+0000 INFO  [org.neo4j]: lib/neo4j-community-1.9.2/data/WikiEx.db/neostore.propertystore.db hit=0 miss=0 switches=0 ooe=0
2013-09-26 20:27:03.132+0000 INFO  [org.neo4j]: lib/neo4j-community-1.9.2/data/WikiEx.db/neostore.relationshipstore.db hit=0 miss=0 switches=0 ooe=0
2013-09-26 20:27:03.243+0000 INFO  [org.neo4j]: lib/neo4j-community-1.9.2/data/WikiEx.db/neostore.nodestore.db hit=0 miss=0 switches=0 ooe=0
2013-09-26 20:27:03.388+0000 INFO  [org.neo4j]: lib/neo4j-community-1.9.2/data/WikiEx.db/neostore hit=0 miss=8 switches=0 ooe=0
2013-09-26 20:27:03.484+0000 INFO  [org.neo4j]: [lib/neo4j-community-1.9.2/data/WikiEx.db/neostore.relationshiptypestore.db.names] brickCount=0 brickSize=0b mappedMem=0b (storeSize=38b)
2013-09-26 20:27:03.485+0000 INFO  [org.neo4j]: [lib/neo4j-community-1.9.2/data/WikiEx.db/neostore.relationshiptypestore.db] brickCount=0 brickSize=0b mappedMem=0b (storeSize=0b)
2013-09-26 20:27:03.486+0000 INFO  [org.neo4j]: [lib/neo4j-community-1.9.2/data/WikiEx.db/neostore.propertystore.db.strings] brickCount=0 brickSize=280960b mappedMem=281018368b (storeSize=128b)
2013-09-26 20:27:03.487+0000 INFO  [org.neo4j]: [lib/neo4j-community-1.9.2/data/WikiEx.db/neostore.propertystore.db.index.keys] brickCount=0 brickSize=0b mappedMem=0b (storeSize=38b)
2013-09-26 20:27:03.488+0000 INFO  [org.neo4j]: [lib/neo4j-community-1.9.2/data/WikiEx.db/neostore.propertystore.db.index] brickCount=0 brickSize=0b mappedMem=0b (storeSize=0b)
2013-09-26 20:27:03.489+0000 INFO  [org.neo4j]: [lib/neo4j-community-1.9.2/data/WikiEx.db/neostore.propertystore.db.arrays] brickCount=0 brickSize=317696b mappedMem=317718528b (storeSize=128b)
2013-09-26 20:27:03.490+0000 INFO  [org.neo4j]: [lib/neo4j-community-1.9.2/data/WikiEx.db/neostore.propertystore.db] brickCount=0 brickSize=3303001b mappedMem=330301440b (storeSize=0b)
2013-09-26 20:27:03.490+0000 INFO  [org.neo4j]: [lib/neo4j-community-1.9.2/data/WikiEx.db/neostore.relationshipstore.db] brickCount=0 brickSize=4047483b mappedMem=404750336b (storeSize=0b)
2013-09-26 20:27:03.491+0000 INFO  [org.neo4j]: [lib/neo4j-community-1.9.2/data/WikiEx.db/neostore.nodestore.db] brickCount=0 brickSize=91224b mappedMem=91226112b (storeSize=9b)
2013-09-26 20:27:03.491+0000 INFO  [org.neo4j]: [lib/neo4j-community-1.9.2/data/WikiEx.db/neostore] brickCount=0 brickSize=0b mappedMem=0b (storeSize=54b)
2013-09-26 20:27:03.509+0000 INFO  [org.neo4j]: Opened logical log [lib/neo4j-community-1.9.2/data/WikiEx.db/nioneo_logical.log.1] version=0, lastTxId=1 (clean)
2013-09-26 20:27:03.575+0000 INFO  [org.neo4j]: TM new log: tm_tx_log.1
2013-09-26 20:27:03.677+0000 INFO  [org.neo4j]: Opened logical log [lib/neo4j-community-1.9.2/data/WikiEx.db/index/lucene.log.1] version=0, lastTxId=1 (clean)
2013-09-26 20:27:03.743+0000 INFO  [org.neo4j]: --- STARTED diagnostics for KernelDiagnostics:Versions START ---
2013-09-26 20:27:03.743+0000 INFO  [org.neo4j]: Graph Database: org.neo4j.kernel.EmbeddedGraphDatabase StoreId[time:1380227220166, id:-2713664318317256590, store version: 13561656364791302]
2013-09-26 20:27:03.743+0000 INFO  [org.neo4j]: Kernel version: Neo4j - Graph Database Kernel 1.9.2
2013-09-26 20:27:03.743+0000 INFO  [org.neo4j]: Neo4j component versions:
2013-09-26 20:27:03.744+0000 INFO  [org.neo4j]:   Neo4j - Graph Database Kernel 1.9.2
2013-09-26 20:27:03.745+0000 INFO  [org.neo4j]: --- STARTED diagnostics for KernelDiagnostics:Versions END ---
2013-09-26 20:27:03.747+0000 INFO  [org.neo4j]: --- STARTED diagnostics for NEO_STORE_VERSIONS START ---
2013-09-26 20:27:03.748+0000 INFO  [org.neo4j]: Store versions:
    Store versions:
      NeoStore v0.A.0
      NodeStore v0.A.0
      RelationshipStore v0.A.0
      RelationshipTypeStore v0.A.0
      PropertyStore v0.A.0
      PropertyIndexStore v0.A.0
      StringPropertyStore v0.A.0
      ArrayPropertyStore v0.A.0
2013-09-26 20:27:03.748+0000 INFO  [org.neo4j]: --- STARTED diagnostics for NEO_STORE_VERSIONS END ---
2013-09-26 20:27:03.748+0000 INFO  [org.neo4j]: --- STARTED diagnostics for NEO_STORE_ID_USAGE START ---
2013-09-26 20:27:03.748+0000 INFO  [org.neo4j]: Id usage:
    Id usage:
      NodeStore: used=1 high=0
      RelationshipStore: used=0 high=-1
      RelationshipTypeStore: used=0 high=-1
      PropertyStore: used=0 high=-1
      PropertyIndexStore: used=0 high=-1
      StringPropertyStore: used=1 high=0
      ArrayPropertyStore: used=1 high=0
2013-09-26 20:27:03.749+0000 INFO  [org.neo4j]: --- STARTED diagnostics for NEO_STORE_ID_USAGE END ---
2013-09-26 20:27:03.749+0000 INFO  [org.neo4j]: --- STARTED diagnostics for PERSISTENCE_WINDOW_POOL_STATS START ---
2013-09-26 20:27:03.749+0000 INFO  [org.neo4j]: --- STARTED diagnostics for PERSISTENCE_WINDOW_POOL_STATS END ---
2013-09-26 20:27:03.750+0000 INFO  [org.neo4j]: --- STARTED diagnostics for KernelDiagnostics:StoreFiles START ---
2013-09-26 20:27:03.750+0000 INFO  [org.neo4j]: Disk space on partition (Total / Free / Free %): 25538187264 / 7523610624 / 29
Storage files: (filename : modification date - size)
      neostore.propertystore.db: 2013-09-27T01:57:03+0530 - 0.00 B
      neostore.relationshiptypestore.db.names.id: 2013-09-27T01:57:03+0530 - 9.00 B
      lock: 2013-09-27T01:57:03+0530 - 0.00 B
      neostore.relationshiptypestore.db: 2013-09-27T01:57:03+0530 - 0.00 B
      neostore.propertystore.db.arrays.id: 2013-09-27T01:57:03+0530 - 9.00 B
      messages.log: 2013-09-27T01:57:03+0530 - 16.01 kB
      neostore.propertystore.db.strings.id: 2013-09-27T01:57:03+0530 - 9.00 B
      neostore.relationshiptypestore.db.names: 2013-09-27T01:57:03+0530 - 38.00 B
      neostore.propertystore.db.strings: 2013-09-27T01:57:03+0530 - 128.00 B
      nioneo_logical.log.1: 2013-09-27T01:57:03+0530 - 16.00 B
      store_lock: 2013-09-27T01:57:00+0530 - 0.00 B
      neostore.relationshipstore.db: 2013-09-27T01:57:03+0530 - 0.00 B
      neostore.propertystore.db.arrays: 2013-09-27T01:57:03+0530 - 128.00 B
      neostore.propertystore.db.index.keys: 2013-09-27T01:57:03+0530 - 38.00 B
      neostore: 2013-09-27T01:57:03+0530 - 54.00 B
      neostore.nodestore.db.id: 2013-09-27T01:57:03+0530 - 9.00 B
      neostore.propertystore.db.index: 2013-09-27T01:57:03+0530 - 0.00 B
      neostore.propertystore.db.index.id: 2013-09-27T01:57:03+0530 - 9.00 B
      tm_tx_log.1: 2013-09-27T01:57:03+0530 - 0.00 B
      neostore.id: 2013-09-27T01:57:03+0530 - 9.00 B
      neostore.nodestore.db: 2013-09-27T01:57:03+0530 - 9.00 B
      neostore.propertystore.db.index.keys.id: 2013-09-27T01:57:03+0530 - 9.00 B
      neostore.relationshiptypestore.db.id: 2013-09-27T01:57:03+0530 - 9.00 B
      nioneo_logical.log.active: 2013-09-27T01:57:03+0530 - 4.00 B
      neostore.propertystore.db.id: 2013-09-27T01:57:03+0530 - 9.00 B
      active_tx_log: 2013-09-27T01:57:03+0530 - 11.00 B
      neostore.relationshipstore.db.id: 2013-09-27T01:57:03+0530 - 9.00 B
      index:
        lucene.log.active: 2013-09-27T01:57:03+0530 - 4.00 B
        lucene-store.db: 2013-09-27T01:57:03+0530 - 40.00 B
        lucene.log.1: 2013-09-27T01:57:03+0530 - 16.00 B
      - Total: 2013-09-27T01:57:03+0530 - 60.00 B
2013-09-26 20:27:03.759+0000 INFO  [org.neo4j]: --- STARTED diagnostics for KernelDiagnostics:StoreFiles END ---
2013-09-26 20:27:03.762+0000 INFO  [org.neo4j]: Started - database is now available
2013-09-26 20:27:03.765+0000 INFO  [org.neo4j]: GC Monitor started. 
2013-09-26 20:27:39.878+0000 INFO  [org.neo4j]: GC Monitor: Application threads blocked for an additional 257ms [total block time: 0.257s]
2013-09-26 20:52:07.568+0000 INFO  [org.neo4j]: GC Monitor: Application threads blocked for an additional 129ms [total block time: 0.386s]
2013-09-26 21:34:29.421+0000 INFO  [org.neo4j]: GC Monitor: Application threads blocked for an additional 226ms [total block time: 0.612s]
2013-09-26 22:17:15.246+0000 INFO  [org.neo4j]: GC Monitor: Application threads blocked for an additional 116ms [total block time: 0.728s]
2013-09-26 23:09:28.723+0000 INFO  [org.neo4j]: GC Monitor: Application threads blocked for an additional 101ms [total block time: 0.829s]
2013-09-27 00:01:03.398+0000 INFO  [org.neo4j]: GC Monitor: Application threads blocked for an additional 132ms [total block time: 0.961s]
2013-09-27 00:45:09.736+0000 INFO  [org.neo4j]: GC Monitor: Application threads blocked for an additional 205ms [total block time: 1.166s]
2013-09-27 01:29:17.289+0000 INFO  [org.neo4j]: Stopping - database is now unavailable
2013-09-27 01:29:17.290+0000 INFO  [org.neo4j]: GC Monitor stopped. 
2013-09-27 01:29:17.685+0000 INFO  [org.neo4j]: Closed log lib/neo4j-community-1.9.2/data/WikiEx.db/index/lucene.log
2013-09-27 01:29:17.840+0000 INFO  [org.neo4j]: TM shutting down
2013-09-27 01:29:17.840+0000 INFO  [org.neo4j]: Close invoked with 1 running transaction(s). 
2013-09-27 01:29:17.951+0000 INFO  [org.neo4j]: Dirty log: lib/neo4j-community-1.9.2/data/WikiEx.db/nioneo_logical.log.1 now closed. Recovery will be started automatically next time it is opened.
2013-09-27 01:29:18.219+0000 INFO  [org.neo4j]: lib/neo4j-community-1.9.2/data/WikiEx.db/neostore.relationshiptypestore.db.names hit=0 miss=1 switches=0 ooe=0
2013-09-27 01:29:18.430+0000 INFO  [org.neo4j]: lib/neo4j-community-1.9.2/data/WikiEx.db/neostore.relationshiptypestore.db hit=0 miss=1 switches=0 ooe=0
2013-09-27 01:29:18.669+0000 INFO  [org.neo4j]: lib/neo4j-community-1.9.2/data/WikiEx.db/neostore.propertystore.db.strings hit=1 miss=0 switches=0 ooe=0
2013-09-27 01:29:18.935+0000 INFO  [org.neo4j]: lib/neo4j-community-1.9.2/data/WikiEx.db/neostore.propertystore.db.index.keys hit=0 miss=4 switches=0 ooe=0
2013-09-27 01:29:19.124+0000 INFO  [org.neo4j]: lib/neo4j-community-1.9.2/data/WikiEx.db/neostore.propertystore.db.index hit=0 miss=4 switches=0 ooe=0
2013-09-27 01:29:19.224+0000 INFO  [org.neo4j]: lib/neo4j-community-1.9.2/data/WikiEx.db/neostore.propertystore.db.arrays hit=0 miss=0 switches=0 ooe=0
2013-09-27 01:29:19.359+0000 INFO  [org.neo4j]: lib/neo4j-community-1.9.2/data/WikiEx.db/neostore.propertystore.db hit=74 miss=0 switches=0 ooe=0
2013-09-27 01:29:19.480+0000 INFO  [org.neo4j]: lib/neo4j-community-1.9.2/data/WikiEx.db/neostore.relationshipstore.db hit=163 miss=0 switches=0 ooe=0
2013-09-27 01:29:19.580+0000 INFO  [org.neo4j]: lib/neo4j-community-1.9.2/data/WikiEx.db/neostore.nodestore.db hit=151 miss=0 switches=0 ooe=0
2013-09-27 01:29:19.691+0000 INFO  [org.neo4j]: lib/neo4j-community-1.9.2/data/WikiEx.db/neostore hit=0 miss=41 switches=0 ooe=0
2013-09-27 01:29:19.803+0000 INFO  [org.neo4j]: NeoStore closed
2013-09-27 01:29:19.803+0000 INFO  [org.neo4j]: --- STOPPING diagnostics START ---
2013-09-27 01:29:19.803+0000 INFO  [org.neo4j]: --- STOPPING diagnostics END ---
2013-09-27 01:29:35.885+0000 INFO  [o.n.k.i.DiagnosticsManager]: --- INITIALIZED diagnostics START ---
2013-09-27 01:29:35.886+0000 INFO  [o.n.k.i.DiagnosticsManager]: Neo4j Kernel properties:
2013-09-27 01:29:35.889+0000 INFO  [o.n.k.i.DiagnosticsManager]: neostore.propertystore.db.mapped_memory=352M
2013-09-27 01:29:35.889+0000 INFO  [o.n.k.i.DiagnosticsManager]: neostore.nodestore.db.mapped_memory=97M
2013-09-27 01:29:35.889+0000 INFO  [o.n.k.i.DiagnosticsManager]: neostore.propertystore.db.strings.mapped_memory=300M
2013-09-27 01:29:35.889+0000 INFO  [o.n.k.i.DiagnosticsManager]: neo4j.ext.udc.source=server
2013-09-27 01:29:35.889+0000 INFO  [o.n.k.i.DiagnosticsManager]: store_dir=data/WikiEx.db
2013-09-27 01:29:35.889+0000 INFO  [o.n.k.i.DiagnosticsManager]: neostore.relationshipstore.db.mapped_memory=432M
2013-09-27 01:29:35.889+0000 INFO  [o.n.k.i.DiagnosticsManager]: keep_logical_logs=true
2013-09-27 01:29:35.890+0000 INFO  [o.n.k.i.DiagnosticsManager]: neostore.propertystore.db.arrays.mapped_memory=340M
2013-09-27 01:29:35.890+0000 INFO  [o.n.k.i.DiagnosticsManager]: remote_shell_enabled=true
2013-09-27 01:29:35.890+0000 INFO  [o.n.k.i.DiagnosticsManager]: ephemeral=false
2013-09-27 01:29:35.892+0000 INFO  [o.n.k.i.DiagnosticsManager]: Diagnostics providers:
2013-09-27 01:29:35.892+0000 INFO  [o.n.k.i.DiagnosticsManager]: org.neo4j.kernel.configuration.Config
2013-09-27 01:29:35.892+0000 INFO  [o.n.k.i.DiagnosticsManager]: org.neo4j.kernel.info.DiagnosticsManager
2013-09-27 01:29:35.892+0000 INFO  [o.n.k.i.DiagnosticsManager]: SYSTEM_MEMORY
2013-09-27 01:29:35.892+0000 INFO  [o.n.k.i.DiagnosticsManager]: JAVA_MEMORY
2013-09-27 01:29:35.892+0000 INFO  [o.n.k.i.DiagnosticsManager]: OPERATING_SYSTEM
2013-09-27 01:29:35.892+0000 INFO  [o.n.k.i.DiagnosticsManager]: JAVA_VIRTUAL_MACHINE
2013-09-27 01:29:35.892+0000 INFO  [o.n.k.i.DiagnosticsManager]: CLASSPATH
2013-09-27 01:29:35.892+0000 INFO  [o.n.k.i.DiagnosticsManager]: LIBRARY_PATH
2013-09-27 01:29:35.892+0000 INFO  [o.n.k.i.DiagnosticsManager]: SYSTEM_PROPERTIES
2013-09-27 01:29:35.892+0000 INFO  [o.n.k.i.DiagnosticsManager]: LINUX_SCHEDULERS
2013-09-27 01:29:35.893+0000 INFO  [o.n.k.i.DiagnosticsManager]: NETWORK
2013-09-27 01:29:35.893+0000 INFO  [o.n.k.i.DiagnosticsManager]: System memory information:
2013-09-27 01:29:35.897+0000 INFO  [o.n.k.i.DiagnosticsManager]: Total Physical memory: 3.80 GB
2013-09-27 01:29:35.897+0000 INFO  [o.n.k.i.DiagnosticsManager]: Free Physical memory: 614.43 MB
2013-09-27 01:29:35.897+0000 INFO  [o.n.k.i.DiagnosticsManager]: Committed virtual memory: 757.45 MB
2013-09-27 01:29:35.898+0000 INFO  [o.n.k.i.DiagnosticsManager]: Total swap space: 256.00 MB
2013-09-27 01:29:35.898+0000 INFO  [o.n.k.i.DiagnosticsManager]: Free swap space: 238.50 MB
2013-09-27 01:29:35.899+0000 INFO  [o.n.k.i.DiagnosticsManager]: JVM memory information:
2013-09-27 01:29:35.899+0000 INFO  [o.n.k.i.DiagnosticsManager]: Free  memory: 49.57 MB
2013-09-27 01:29:35.899+0000 INFO  [o.n.k.i.DiagnosticsManager]: Total memory: 62.44 MB
2013-09-27 01:29:35.899+0000 INFO  [o.n.k.i.DiagnosticsManager]: Max   memory: 505.63 MB
2013-09-27 01:29:35.930+0000 INFO  [o.n.k.i.DiagnosticsManager]: Garbage Collector: ParNew: [Par Eden Space, Par Survivor Space]
2013-09-27 01:29:35.930+0000 INFO  [o.n.k.i.DiagnosticsManager]: Garbage Collector: ConcurrentMarkSweep: [Par Eden Space, Par Survivor Space, CMS Old Gen, CMS Perm Gen]
2013-09-27 01:29:35.931+0000 INFO  [o.n.k.i.DiagnosticsManager]: Memory Pool: Code Cache (Non-heap memory): committed=2.25 MB, used=453.69 kB, max=48.00 MB, threshold=0.00 B
2013-09-27 01:29:35.932+0000 INFO  [o.n.k.i.DiagnosticsManager]: Memory Pool: Par Eden Space (Heap memory): committed=12.88 MB, used=12.10 MB, max=51.25 MB, threshold=?
2013-09-27 01:29:35.933+0000 INFO  [o.n.k.i.DiagnosticsManager]: Memory Pool: Par Survivor Space (Heap memory): committed=1.56 MB, used=1.01 MB, max=6.38 MB, threshold=?
2013-09-27 01:29:35.934+0000 INFO  [o.n.k.i.DiagnosticsManager]: Memory Pool: CMS Old Gen (Heap memory): committed=48.00 MB, used=0.00 B, max=448.00 MB, threshold=0.00 B
2013-09-27 01:29:35.935+0000 INFO  [o.n.k.i.DiagnosticsManager]: Memory Pool: CMS Perm Gen (Non-heap memory): committed=16.00 MB, used=9.89 MB, max=128.00 MB, threshold=0.00 B
2013-09-27 01:29:35.935+0000 INFO  [o.n.k.i.DiagnosticsManager]: Operating system information:
2013-09-27 01:29:35.936+0000 INFO  [o.n.k.i.DiagnosticsManager]: Operating System: Linux; version: 3.2.0-53-generic-pae; arch: i386; cpus: 4
2013-09-27 01:29:35.936+0000 INFO  [o.n.k.i.DiagnosticsManager]: Max number of file descriptors: 4096
2013-09-27 01:29:35.936+0000 INFO  [o.n.k.i.DiagnosticsManager]: Number of open file descriptors: 79
2013-09-27 01:29:35.936+0000 INFO  [o.n.k.i.DiagnosticsManager]: Process id: 12932@ubuntu
2013-09-27 01:29:35.937+0000 INFO  [o.n.k.i.DiagnosticsManager]: Byte order: LITTLE_ENDIAN
2013-09-27 01:29:35.937+0000 INFO  [o.n.k.i.DiagnosticsManager]: Local timezone: Asia/Colombo
2013-09-27 01:29:35.937+0000 INFO  [o.n.k.i.DiagnosticsManager]: JVM information:
2013-09-27 01:29:35.937+0000 INFO  [o.n.k.i.DiagnosticsManager]: VM Name: OpenJDK Server VM
2013-09-27 01:29:35.937+0000 INFO  [o.n.k.i.DiagnosticsManager]: VM Vendor: Sun Microsystems Inc.
2013-09-27 01:29:35.937+0000 INFO  [o.n.k.i.DiagnosticsManager]: VM Version: 20.0-b12
2013-09-27 01:29:35.938+0000 INFO  [o.n.k.i.DiagnosticsManager]: JIT compiler: HotSpot Tiered Compilers
2013-09-27 01:29:35.939+0000 INFO  [o.n.k.i.DiagnosticsManager]: VM Arguments: [-XX:+DisableExplicitGC, -Dorg.neo4j.server.properties=conf/neo4j-server.properties, -Djava.util.logging.config.file=conf/logging.properties, -Dlog4j.configuration=file:conf/log4j.properties, -XX:+UseConcMarkSweepGC, -XX:+CMSClassUnloadingEnabled, -Dneo4j.home=/home/milinda/workspace/Crawler/lib/neo4j-community-1.9.2, -Dneo4j.instance=/home/milinda/workspace/Crawler/lib/neo4j-community-1.9.2, -Dfile.encoding=UTF-8]
2013-09-27 01:29:35.939+0000 INFO  [o.n.k.i.DiagnosticsManager]: Java classpath:
2013-09-27 01:29:35.950+0000 INFO  [o.n.k.i.DiagnosticsManager]:  [classpath + loader.0] file:/home/milinda/workspace/Crawler/lib/neo4j-community-1.9.2/plugins/gremlin1.5/neo4j-gremlin-plugin-1.9.2.jar
2013-09-27 01:29:35.950+0000 INFO  [o.n.k.i.DiagnosticsManager]:  [loader.1] file:/usr/lib/jvm/java-6-openjdk-common/jre/lib/ext/localedata.jar
2013-09-27 01:29:35.950+0000 INFO  [o.n.k.i.DiagnosticsManager]:  [classpath + loader.0] file:/home/milinda/workspace/Crawler/lib/neo4j-community-1.9.2/lib/scala-library-2.10.0.jar
2013-09-27 01:29:35.950+0000 INFO  [o.n.k.i.DiagnosticsManager]:  [bootstrap] /usr/lib/jvm/java-6-openjdk-i386/jre/lib/modules/jdk.boot.jar
2013-09-27 01:29:35.951+0000 INFO  [o.n.k.i.DiagnosticsManager]:  [loader.1] file:/usr/lib/jvm/java-6-openjdk-common/jre/lib/ext/sunjce_provider.jar
2013-09-27 01:29:35.951+0000 INFO  [o.n.k.i.DiagnosticsManager]:  [classpath + loader.0] file:/home/milinda/workspace/Crawler/lib/neo4j-community-1.9.2/lib/neo4j-kernel-1.9.2.jar
2013-09-27 01:29:35.951+0000 INFO  [o.n.k.i.DiagnosticsManager]:  [classpath + loader.0] file:/home/milinda/workspace/Crawler/lib/neo4j-community-1.9.2/plugins/gremlin1.5/stax-api-1.0.1.jar
2013-09-27 01:29:35.951+0000 INFO  [o.n.k.i.DiagnosticsManager]:  [classpath + loader.0] file:/home/milinda/workspace/Crawler/lib/neo4j-community-1.9.2/system/lib/jersey-server-1.9.jar
2013-09-27 01:29:35.951+0000 INFO  [o.n.k.i.DiagnosticsManager]:  [classpath + loader.0] file:/home/milinda/workspace/Crawler/lib/neo4j-community-1.9.2/plugins/gremlin1.5/gremlin-groovy-1.5.jar
2013-09-27 01:29:35.951+0000 INFO  [o.n.k.i.DiagnosticsManager]:  [classpath + loader.0] file:/home/milinda/workspace/Crawler/lib/neo4j-community-1.9.2/conf/
2013-09-27 01:29:35.951+0000 INFO  [o.n.k.i.DiagnosticsManager]:  [classpath + loader.0] file:/home/milinda/workspace/Crawler/lib/neo4j-community-1.9.2/lib/lucene-core-3.6.2.jar
2013-09-27 01:29:35.951+0000 INFO  [o.n.k.i.DiagnosticsManager]:  [bootstrap] /usr/lib/jvm/java-6-openjdk-i386/jre/lib/plugin.jar
2013-09-27 01:29:35.951+0000 INFO  [o.n.k.i.DiagnosticsManager]:  [classpath + loader.0] file:/home/milinda/workspace/Crawler/lib/neo4j-community-1.9.2/system/lib/commons-logging-1.1.1.jar
2013-09-27 01:29:35.951+0000 INFO  [o.n.k.i.DiagnosticsManager]:  [classpath + loader.0] file:/home/milinda/workspace/Crawler/lib/neo4j-community-1.9.2/system/lib/commons-digester-1.8.1.jar
2013-09-27 01:29:35.951+0000 INFO  [o.n.k.i.DiagnosticsManager]:  [bootstrap] /usr/lib/jvm/java-6-openjdk-i386/jre/classes
2013-09-27 01:29:35.951+0000 INFO  [o.n.k.i.DiagnosticsManager]:  [classpath + loader.0] file:/home/milinda/workspace/Crawler/lib/neo4j-community-1.9.2/system/lib/jsr311-api-1.1.2.r612.jar
2013-09-27 01:29:35.951+0000 INFO  [o.n.k.i.DiagnosticsManager]:  [classpath + loader.0] file:/home/milinda/workspace/Crawler/lib/neo4j-community-1.9.2/system/lib/commons-configuration-1.6.jar
2013-09-27 01:29:35.951+0000 INFO  [o.n.k.i.DiagnosticsManager]:  [classpath + loader.0] file:/home/milinda/workspace/Crawler/lib/neo4j-community-1.9.2/system/lib/jackson-jaxrs-1.9.7.jar
2013-09-27 01:29:35.952+0000 INFO  [o.n.k.i.DiagnosticsManager]:  [bootstrap] /usr/lib/jvm/java-6-openjdk-i386/jre/lib/sunrsasign.jar
2013-09-27 01:29:35.952+0000 INFO  [o.n.k.i.DiagnosticsManager]:  [classpath + loader.0] file:/home/milinda/workspace/Crawler/lib/neo4j-community-1.9.2/system/lib/jackson-core-asl-1.9.7.jar
2013-09-27 01:29:35.952+0000 INFO  [o.n.k.i.DiagnosticsManager]:  [loader.1] file:/usr/share/java/java-atk-wrapper.jar
2013-09-27 01:29:35.952+0000 INFO  [o.n.k.i.DiagnosticsManager]:  [classpath + loader.0] file:/home/milinda/workspace/Crawler/lib/neo4j-community-1.9.2/plugins/gremlin1.5/asm-analysis-3.2.jar
2013-09-27 01:29:35.952+0000 INFO  [o.n.k.i.DiagnosticsManager]:  [bootstrap] /usr/lib/jvm/java-6-openjdk-common/jre/lib/resources.jar
2013-09-27 01:29:35.952+0000 INFO  [o.n.k.i.DiagnosticsManager]:  [classpath + loader.0] file:/home/milinda/workspace/Crawler/lib/neo4j-community-1.9.2/system/lib/mimepull-1.6.jar
2013-09-27 01:29:35.952+0000 INFO  [o.n.k.i.DiagnosticsManager]:  [classpath + loader.0] file:/home/milinda/workspace/Crawler/lib/neo4j-community-1.9.2/system/lib/jcl-over-slf4j-1.6.1.jar
2013-09-27 01:29:35.952+0000 INFO  [o.n.k.i.DiagnosticsManager]:  [classpath + loader.0] file:/home/milinda/workspace/Crawler/lib/neo4j-community-1.9.2/system/lib/commons-collections-3.2.1.jar
2013-09-27 01:29:35.952+0000 INFO  [o.n.k.i.DiagnosticsManager]:  [classpath + loader.0] file:/home/milinda/workspace/Crawler/lib/neo4j-community-1.9.2/plugins/gremlin1.5/asm-util-3.2.jar
2013-09-27 01:29:35.952+0000 INFO  [o.n.k.i.DiagnosticsManager]:  [classpath + loader.0] file:/home/milinda/workspace/Crawler/lib/neo4j-community-1.9.2/lib/neo4j-jmx-1.9.2.jar
2013-09-27 01:29:35.952+0000 INFO  [o.n.k.i.DiagnosticsManager]:  [classpath + loader.0] file:/home/milinda/workspace/Crawler/lib/neo4j-community-1.9.2/lib/org.apache.servicemix.bundles.jline-0.9.94_1.jar
2013-09-27 01:29:35.952+0000 INFO  [o.n.k.i.DiagnosticsManager]:  [classpath + loader.0] file:/home/milinda/workspace/Crawler/lib/neo4j-community-1.9.2/plugins/gremlin1.5/jansi-1.5.jar
2013-09-27 01:29:35.952+0000 INFO  [o.n.k.i.DiagnosticsManager]:  [classpath + loader.0] file:/home/milinda/workspace/Crawler/lib/neo4j-community-1.9.2/lib/neo4j-lucene-index-1.9.2.jar
2013-09-27 01:29:35.952+0000 INFO  [o.n.k.i.DiagnosticsManager]:  [classpath + loader.0] file:/home/milinda/workspace/Crawler/lib/neo4j-community-1.9.2/system/lib/neo4j-server-1.9.2-static-web.jar
2013-09-27 01:29:35.952+0000 INFO  [o.n.k.i.DiagnosticsManager]:  [bootstrap] /usr/lib/jvm/java-6-openjdk-i386/jre/lib/jce.jar
2013-09-27 01:29:35.952+0000 INFO  [o.n.k.i.DiagnosticsManager]:  [classpath + loader.0] file:/home/milinda/workspace/Crawler/lib/neo4j-community-1.9.2/system/lib/slf4j-api-1.6.2.jar
2013-09-27 01:29:35.953+0000 INFO  [o.n.k.i.DiagnosticsManager]:  [classpath + loader.0] file:/home/milinda/workspace/Crawler/lib/neo4j-community-1.9.2/system/lib/logback-core-0.9.30.jar
2013-09-27 01:29:35.953+0000 INFO  [o.n.k.i.DiagnosticsManager]:  [classpath + loader.0] file:/home/milinda/workspace/Crawler/lib/neo4j-community-1.9.2/system/lib/logback-access-0.9.30.jar
2013-09-27 01:29:35.953+0000 INFO  [o.n.k.i.DiagnosticsManager]:  [classpath + loader.0] file:/home/milinda/workspace/Crawler/lib/neo4j-community-1.9.2/system/lib/jackson-mapper-asl-1.9.7.jar
2013-09-27 01:29:35.953+0000 INFO  [o.n.k.i.DiagnosticsManager]:  [classpath + loader.0] file:/home/milinda/workspace/Crawler/lib/neo4j-community-1.9.2/system/lib/neo4j-cypher-plugin-1.9.2.jar
2013-09-27 01:29:35.953+0000 INFO  [o.n.k.i.DiagnosticsManager]:  [classpath + loader.0] file:/home/milinda/workspace/Crawler/lib/neo4j-community-1.9.2/system/lib/commons-beanutils-1.8.0.jar
2013-09-27 01:29:35.953+0000 INFO  [o.n.k.i.DiagnosticsManager]:  [classpath + loader.0] file:/home/milinda/workspace/Crawler/lib/neo4j-community-1.9.2/lib/neo4j-shell-1.9.2.jar
2013-09-27 01:29:35.953+0000 INFO  [o.n.k.i.DiagnosticsManager]:  [classpath + loader.0] file:/home/milinda/workspace/Crawler/lib/neo4j-community-1.9.2/system/lib/commons-beanutils-core-1.8.0.jar
2013-09-27 01:29:35.953+0000 INFO  [o.n.k.i.DiagnosticsManager]:  [classpath + loader.0] file:/home/milinda/workspace/Crawler/lib/neo4j-community-1.9.2/plugins/gremlin1.5/pipes-1.0.jar
2013-09-27 01:29:35.953+0000 INFO  [o.n.k.i.DiagnosticsManager]:  [classpath + loader.0] file:/home/milinda/workspace/Crawler/lib/neo4j-community-1.9.2/system/lib/commons-lang-2.4.jar
2013-09-27 01:29:35.953+0000 INFO  [o.n.k.i.DiagnosticsManager]:  [classpath + loader.0] file:/home/milinda/workspace/Crawler/lib/neo4j-community-1.9.2/lib/neo4j-graph-algo-1.9.2.jar
2013-09-27 01:29:35.953+0000 INFO  [o.n.k.i.DiagnosticsManager]:  [classpath + loader.0] file:/home/milinda/workspace/Crawler/lib/neo4j-community-1.9.2/lib/concurrentlinkedhashmap-lru-1.3.1.jar
2013-09-27 01:29:35.953+0000 INFO  [o.n.k.i.DiagnosticsManager]:  [bootstrap] /usr/lib/jvm/java-6-openjdk-i386/jre/lib/netx.jar
2013-09-27 01:29:35.953+0000 INFO  [o.n.k.i.DiagnosticsManager]:  [classpath + loader.0] file:/home/milinda/workspace/Crawler/lib/neo4j-community-1.9.2/system/lib/janino-2.5.10.jar
2013-09-27 01:29:35.953+0000 INFO  [o.n.k.i.DiagnosticsManager]:  [classpath + loader.0] file:/home/milinda/workspace/Crawler/lib/neo4j-community-1.9.2/system/lib/jersey-multipart-1.9.jar
2013-09-27 01:29:35.953+0000 INFO  [o.n.k.i.DiagnosticsManager]:  [classpath + loader.0] file:/home/milinda/workspace/Crawler/lib/neo4j-community-1.9.2/lib/neo4j-cypher-1.9.2.jar
2013-09-27 01:29:35.953+0000 INFO  [o.n.k.i.DiagnosticsManager]:  [classpath + loader.0] file:/home/milinda/workspace/Crawler/lib/neo4j-community-1.9.2/plugins/gremlin1.5/blueprints-core-1.2.jar
2013-09-27 01:29:35.954+0000 INFO  [o.n.k.i.DiagnosticsManager]:  [classpath + loader.0] file:/home/milinda/workspace/Crawler/lib/neo4j-community-1.9.2/system/lib/jetty-6.1.25.jar
2013-09-27 01:29:35.954+0000 INFO  [o.n.k.i.DiagnosticsManager]:  [loader.1] file:/usr/lib/jvm/java-6-openjdk-common/jre/lib/ext/sunpkcs11.jar
2013-09-27 01:29:35.954+0000 INFO  [o.n.k.i.DiagnosticsManager]:  [bootstrap] /usr/lib/jvm/java-6-openjdk-i386/jre/lib/jsse.jar
2013-09-27 01:29:35.954+0000 INFO  [o.n.k.i.DiagnosticsManager]:  [classpath + loader.0] file:/home/milinda/workspace/Crawler/lib/neo4j-community-1.9.2/system/lib/rhino-1.7R3.jar
2013-09-27 01:29:35.954+0000 INFO  [o.n.k.i.DiagnosticsManager]:  [classpath + loader.0] file:/home/milinda/workspace/Crawler/lib/neo4j-community-1.9.2/plugins/gremlin1.5/antlr-2.7.7.jar
2013-09-27 01:29:35.954+0000 INFO  [o.n.k.i.DiagnosticsManager]:  [classpath + loader.0] file:/home/milinda/workspace/Crawler/lib/neo4j-community-1.9.2/system/lib/logback-classic-0.9.30.jar
2013-09-27 01:29:35.954+0000 INFO  [o.n.k.i.DiagnosticsManager]:  [bootstrap] /usr/lib/jvm/java-6-openjdk-i386/jre/lib/rt.jar
2013-09-27 01:29:35.954+0000 INFO  [o.n.k.i.DiagnosticsManager]:  [classpath + loader.0] file:/home/milinda/workspace/Crawler/lib/neo4j-community-1.9.2/lib/neo4j-udc-1.9.2.jar
2013-09-27 01:29:35.954+0000 INFO  [o.n.k.i.DiagnosticsManager]:  [bootstrap] /usr/lib/jvm/java-6-openjdk-i386/jre/lib/charsets.jar
2013-09-27 01:29:35.954+0000 INFO  [o.n.k.i.DiagnosticsManager]:  [classpath + loader.0] file:/home/milinda/workspace/Crawler/lib/neo4j-community-1.9.2/system/lib/rrd4j-2.0.7.jar
2013-09-27 01:29:35.954+0000 INFO  [o.n.k.i.DiagnosticsManager]:  [classpath + loader.0] file:/home/milinda/workspace/Crawler/lib/neo4j-community-1.9.2/plugins/gremlin1.5/asm-commons-3.2.jar
2013-09-27 01:29:35.954+0000 INFO  [o.n.k.i.DiagnosticsManager]:  [classpath + loader.0] file:/home/milinda/workspace/Crawler/lib/neo4j-community-1.9.2/system/lib/jersey-core-1.9.jar
2013-09-27 01:29:35.954+0000 INFO  [o.n.k.i.DiagnosticsManager]:  [classpath + loader.0] file:/home/milinda/workspace/Crawler/lib/neo4j-community-1.9.2/lib/geronimo-jta_1.1_spec-1.1.1.jar
2013-09-27 01:29:35.954+0000 INFO  [o.n.k.i.DiagnosticsManager]:  [loader.1] file:/usr/lib/jvm/java-6-openjdk-common/jre/lib/ext/pulse-java.jar
2013-09-27 01:29:35.954+0000 INFO  [o.n.k.i.DiagnosticsManager]:  [classpath + loader.0] file:/home/milinda/workspace/Crawler/lib/neo4j-community-1.9.2/system/lib/jetty-util-6.1.25.jar
2013-09-27 01:29:35.954+0000 INFO  [o.n.k.i.DiagnosticsManager]:  [classpath + loader.0] file:/home/milinda/workspace/Crawler/lib/neo4j-community-1.9.2/lib/server-api-1.9.2.jar
2013-09-27 01:29:35.955+0000 INFO  [o.n.k.i.DiagnosticsManager]:  [classpath + loader.0] file:/home/milinda/workspace/Crawler/lib/neo4j-community-1.9.2/system/lib/commons-io-1.4.jar
2013-09-27 01:29:35.955+0000 INFO  [o.n.k.i.DiagnosticsManager]:  [classpath + loader.0] file:/home/milinda/workspace/Crawler/lib/neo4j-community-1.9.2/plugins/gremlin1.5/blueprints-neo4j-graph-1.2.jar
2013-09-27 01:29:35.955+0000 INFO  [o.n.k.i.DiagnosticsManager]:  [classpath + loader.0] file:/home/milinda/workspace/Crawler/lib/neo4j-community-1.9.2/plugins/gremlin1.5/asm-tree-3.2.jar
2013-09-27 01:29:35.955+0000 INFO  [o.n.k.i.DiagnosticsManager]:  [classpath + loader.0] file:/home/milinda/workspace/Crawler/lib/neo4j-community-1.9.2/plugins/gremlin1.5/groovy-1.8.5.jar
2013-09-27 01:29:35.955+0000 INFO  [o.n.k.i.DiagnosticsManager]:  [bootstrap] /usr/lib/jvm/java-6-openjdk-i386/jre/lib/rhino.jar
2013-09-27 01:29:35.955+0000 INFO  [o.n.k.i.DiagnosticsManager]:  [classpath + loader.0] file:/home/milinda/workspace/Crawler/lib/neo4j-community-1.9.2/system/lib/asm-3.1.jar
2013-09-27 01:29:35.955+0000 INFO  [o.n.k.i.DiagnosticsManager]:  [classpath + loader.0] file:/home/milinda/workspace/Crawler/lib/neo4j-community-1.9.2/plugins/gremlin1.5/gremlin-java-1.5.jar
2013-09-27 01:29:35.955+0000 INFO  [o.n.k.i.DiagnosticsManager]:  [classpath + loader.0] file:/home/milinda/workspace/Crawler/lib/neo4j-community-1.9.2/system/lib/neo4j-server-1.9.2.jar
2013-09-27 01:29:35.955+0000 INFO  [o.n.k.i.DiagnosticsManager]:  [classpath + loader.0] file:/home/milinda/workspace/Crawler/lib/neo4j-community-1.9.2/system/lib/servlet-api-2.5-20081211.jar
2013-09-27 01:29:35.955+0000 INFO  [o.n.k.i.DiagnosticsManager]:  [loader.1] file:/usr/lib/i386-linux-gnu/jni/libatk-wrapper.so.0.0.18
2013-09-27 01:29:35.955+0000 INFO  [o.n.k.i.DiagnosticsManager]:  [classpath + loader.0] file:/home/milinda/workspace/Crawler/lib/neo4j-community-1.9.2/lib/neo4j-graph-matching-1.9.2.jar
2013-09-27 01:29:35.955+0000 INFO  [o.n.k.i.DiagnosticsManager]:  [loader.1] file:/usr/lib/jvm/java-6-openjdk-common/jre/lib/ext/dnsns.jar
2013-09-27 01:29:35.955+0000 INFO  [o.n.k.i.DiagnosticsManager]:  [classpath + loader.0] file:/home/milinda/workspace/Crawler/lib/neo4j-community-1.9.2/plugins/gremlin1.5/jettison-1.3.jar
2013-09-27 01:29:35.955+0000 INFO  [o.n.k.i.DiagnosticsManager]:  [classpath + loader.0] file:/home/milinda/workspace/Crawler/lib/neo4j-community-1.9.2/system/lib/bcprov-jdk16-140.jar
2013-09-27 01:29:35.955+0000 INFO  [o.n.k.i.DiagnosticsManager]: Library path:
2013-09-27 01:29:35.956+0000 INFO  [o.n.k.i.DiagnosticsManager]: /usr/lib/jvm/java-6-openjdk-i386/jre/lib/i386/server
2013-09-27 01:29:35.956+0000 INFO  [o.n.k.i.DiagnosticsManager]: /usr/lib/jvm/java-6-openjdk-i386/jre/lib/i386
2013-09-27 01:29:35.956+0000 INFO  [o.n.k.i.DiagnosticsManager]: /usr/lib/jvm/java-6-openjdk-i386/lib/i386
2013-09-27 01:29:35.956+0000 INFO  [o.n.k.i.DiagnosticsManager]: /usr/java/packages/lib/i386
2013-09-27 01:29:35.956+0000 INFO  [o.n.k.i.DiagnosticsManager]: /usr/lib/i386-linux-gnu/jni
2013-09-27 01:29:35.956+0000 INFO  [o.n.k.i.DiagnosticsManager]: /lib/i386-linux-gnu
2013-09-27 01:29:35.956+0000 INFO  [o.n.k.i.DiagnosticsManager]: /usr/lib/i386-linux-gnu
2013-09-27 01:29:35.956+0000 INFO  [o.n.k.i.DiagnosticsManager]: /usr/lib/jni
2013-09-27 01:29:35.957+0000 INFO  [o.n.k.i.DiagnosticsManager]: /lib
2013-09-27 01:29:35.957+0000 INFO  [o.n.k.i.DiagnosticsManager]: /usr/lib
2013-09-27 01:29:35.957+0000 INFO  [o.n.k.i.DiagnosticsManager]: System.properties:
2013-09-27 01:29:35.957+0000 INFO  [o.n.k.i.DiagnosticsManager]: sun.boot.library.path = /usr/lib/jvm/java-6-openjdk-i386/jre/lib/i386
2013-09-27 01:29:35.958+0000 INFO  [o.n.k.i.DiagnosticsManager]: org.neo4j.server.properties = conf/neo4j-server.properties
2013-09-27 01:29:35.958+0000 INFO  [o.n.k.i.DiagnosticsManager]: path.separator = :
2013-09-27 01:29:35.958+0000 INFO  [o.n.k.i.DiagnosticsManager]: file.encoding.pkg = sun.io
2013-09-27 01:29:35.958+0000 INFO  [o.n.k.i.DiagnosticsManager]: sun.java.launcher = SUN_STANDARD
2013-09-27 01:29:35.958+0000 INFO  [o.n.k.i.DiagnosticsManager]: user.country = US
2013-09-27 01:29:35.958+0000 INFO  [o.n.k.i.DiagnosticsManager]: sun.os.patch.level = unknown
2013-09-27 01:29:35.958+0000 INFO  [o.n.k.i.DiagnosticsManager]: user.dir = /home/milinda/workspace/Crawler/lib/neo4j-community-1.9.2
2013-09-27 01:29:35.958+0000 INFO  [o.n.k.i.DiagnosticsManager]: log4j.configuration = file:conf/log4j.properties
2013-09-27 01:29:35.958+0000 INFO  [o.n.k.i.DiagnosticsManager]: sun.jnu.encoding = UTF-8
2013-09-27 01:29:35.958+0000 INFO  [o.n.k.i.DiagnosticsManager]: sun.management.compiler = HotSpot Tiered Compilers
2013-09-27 01:29:35.958+0000 INFO  [o.n.k.i.DiagnosticsManager]: user.home = /home/milinda
2013-09-27 01:29:35.958+0000 INFO  [o.n.k.i.DiagnosticsManager]: user.timezone = Asia/Colombo
2013-09-27 01:29:35.958+0000 INFO  [o.n.k.i.DiagnosticsManager]: file.encoding = UTF-8
2013-09-27 01:29:35.959+0000 INFO  [o.n.k.i.DiagnosticsManager]: user.name = milinda
2013-09-27 01:29:35.959+0000 INFO  [o.n.k.i.DiagnosticsManager]: sun.java.command = org.neo4j.server.Bootstrapper
2013-09-27 01:29:35.959+0000 INFO  [o.n.k.i.DiagnosticsManager]: sun.arch.data.model = 32
2013-09-27 01:29:35.959+0000 INFO  [o.n.k.i.DiagnosticsManager]: user.language = en
2013-09-27 01:29:35.959+0000 INFO  [o.n.k.i.DiagnosticsManager]: file.separator = /
2013-09-27 01:29:35.959+0000 INFO  [o.n.k.i.DiagnosticsManager]: sun.io.unicode.encoding = UnicodeLittle
2013-09-27 01:29:35.959+0000 INFO  [o.n.k.i.DiagnosticsManager]: sun.cpu.endian = little
2013-09-27 01:29:35.959+0000 INFO  [o.n.k.i.DiagnosticsManager]: neo4j.instance = /home/milinda/workspace/Crawler/lib/neo4j-community-1.9.2
2013-09-27 01:29:35.959+0000 INFO  [o.n.k.i.DiagnosticsManager]: sun.desktop = gnome
2013-09-27 01:29:35.959+0000 INFO  [o.n.k.i.DiagnosticsManager]: neo4j.home = /home/milinda/workspace/Crawler/lib/neo4j-community-1.9.2
2013-09-27 01:29:35.959+0000 INFO  [o.n.k.i.DiagnosticsManager]: sun.cpu.isalist = 
2013-09-27 01:29:35.959+0000 INFO  [o.n.k.i.DiagnosticsManager]: Linux scheduler information:
2013-09-27 01:29:35.961+0000 INFO  [o.n.k.i.DiagnosticsManager]: none
2013-09-27 01:29:35.961+0000 INFO  [o.n.k.i.DiagnosticsManager]: none
2013-09-27 01:29:35.961+0000 INFO  [o.n.k.i.DiagnosticsManager]: none
2013-09-27 01:29:35.961+0000 INFO  [o.n.k.i.DiagnosticsManager]: none
2013-09-27 01:29:35.962+0000 INFO  [o.n.k.i.DiagnosticsManager]: none
2013-09-27 01:29:35.962+0000 INFO  [o.n.k.i.DiagnosticsManager]: none
2013-09-27 01:29:35.962+0000 INFO  [o.n.k.i.DiagnosticsManager]: none
2013-09-27 01:29:35.962+0000 INFO  [o.n.k.i.DiagnosticsManager]: none
2013-09-27 01:29:35.962+0000 INFO  [o.n.k.i.DiagnosticsManager]: none
2013-09-27 01:29:35.963+0000 INFO  [o.n.k.i.DiagnosticsManager]: none
2013-09-27 01:29:35.963+0000 INFO  [o.n.k.i.DiagnosticsManager]: none
2013-09-27 01:29:35.963+0000 INFO  [o.n.k.i.DiagnosticsManager]: none
2013-09-27 01:29:35.963+0000 INFO  [o.n.k.i.DiagnosticsManager]: none
2013-09-27 01:29:35.963+0000 INFO  [o.n.k.i.DiagnosticsManager]: none
2013-09-27 01:29:35.963+0000 INFO  [o.n.k.i.DiagnosticsManager]: none
2013-09-27 01:29:35.964+0000 INFO  [o.n.k.i.DiagnosticsManager]: none
2013-09-27 01:29:35.972+0000 INFO  [o.n.k.i.DiagnosticsManager]: none
2013-09-27 01:29:35.972+0000 INFO  [o.n.k.i.DiagnosticsManager]: none
2013-09-27 01:29:35.973+0000 INFO  [o.n.k.i.DiagnosticsManager]: none
2013-09-27 01:29:35.973+0000 INFO  [o.n.k.i.DiagnosticsManager]: none
2013-09-27 01:29:35.974+0000 INFO  [o.n.k.i.DiagnosticsManager]: none
2013-09-27 01:29:35.974+0000 INFO  [o.n.k.i.DiagnosticsManager]: none
2013-09-27 01:29:35.975+0000 INFO  [o.n.k.i.DiagnosticsManager]: none
2013-09-27 01:29:35.975+0000 INFO  [o.n.k.i.DiagnosticsManager]: none
2013-09-27 01:29:35.975+0000 INFO  [o.n.k.i.DiagnosticsManager]: noop deadline [cfq] 
2013-09-27 01:29:35.975+0000 INFO  [o.n.k.i.DiagnosticsManager]: noop deadline [cfq] 
2013-09-27 01:29:35.975+0000 INFO  [o.n.k.i.DiagnosticsManager]: noop deadline [cfq] 
2013-09-27 01:29:35.976+0000 INFO  [o.n.k.i.DiagnosticsManager]: noop deadline [cfq] 
2013-09-27 01:29:35.976+0000 INFO  [o.n.k.i.DiagnosticsManager]: noop deadline [cfq] 
2013-09-27 01:29:35.976+0000 INFO  [o.n.k.i.DiagnosticsManager]: Network information:
2013-09-27 01:29:35.977+0000 INFO  [o.n.k.i.DiagnosticsManager]: Interface lo:
2013-09-27 01:29:35.977+0000 INFO  [o.n.k.i.DiagnosticsManager]:     address: 0:0:0:0:0:0:0:1%1
2013-09-27 01:29:35.978+0000 INFO  [o.n.k.i.DiagnosticsManager]:     address: 127.0.0.1
2013-09-27 01:29:35.978+0000 INFO  [o.n.k.i.DiagnosticsManager]: --- INITIALIZED diagnostics END ---
2013-09-27 01:29:36.139+0000 INFO  [o.n.k.i.n.s.StoreFactory]: [data/WikiEx.db/neostore.relationshiptypestore.db.names] brickCount=0 brickSize=0b mappedMem=0b (storeSize=76b)
2013-09-27 01:29:36.142+0000 INFO  [o.n.k.i.n.s.StoreFactory]: [data/WikiEx.db/neostore.relationshiptypestore.db] brickCount=0 brickSize=0b mappedMem=0b (storeSize=5b)
2013-09-27 01:29:36.143+0000 INFO  [o.n.k.i.n.s.StoreFactory]: [data/WikiEx.db/neostore.propertystore.db.strings] brickCount=0 brickSize=314496b mappedMem=314572800b (storeSize=1280b)
2013-09-27 01:29:36.143+0000 INFO  [o.n.k.i.n.s.StoreFactory]: [data/WikiEx.db/neostore.propertystore.db.index.keys] brickCount=0 brickSize=0b mappedMem=0b (storeSize=190b)
2013-09-27 01:29:36.144+0000 INFO  [o.n.k.i.n.s.StoreFactory]: [data/WikiEx.db/neostore.propertystore.db.index] brickCount=0 brickSize=0b mappedMem=0b (storeSize=36b)
2013-09-27 01:29:36.146+0000 INFO  [o.n.k.i.n.s.StoreFactory]: [data/WikiEx.db/neostore.propertystore.db.arrays] brickCount=0 brickSize=356480b mappedMem=356515840b (storeSize=128b)
2013-09-27 01:29:36.148+0000 INFO  [o.n.k.i.n.s.StoreFactory]: [data/WikiEx.db/neostore.propertystore.db] brickCount=0 brickSize=369082b mappedMem=369098752b (storeSize=18737b)
2013-09-27 01:29:36.151+0000 INFO  [o.n.k.i.n.s.StoreFactory]: [data/WikiEx.db/neostore.relationshipstore.db] brickCount=0 brickSize=452958b mappedMem=452984832b (storeSize=9141b)
2013-09-27 01:29:36.152+0000 INFO  [o.n.k.i.n.s.StoreFactory]: [data/WikiEx.db/neostore.nodestore.db] brickCount=0 brickSize=101709b mappedMem=101711872b (storeSize=1629b)
2013-09-27 01:29:36.153+0000 INFO  [o.n.k.i.n.s.StoreFactory]: [data/WikiEx.db/neostore] brickCount=0 brickSize=0b mappedMem=0b (storeSize=54b)
2013-09-27 01:29:36.171+0000 INFO  [o.n.k.i.t.x.XaLogicalLog]: Opened logical log [data/WikiEx.db/nioneo_logical.log.1] version=1, lastTxId=28 (clean)
2013-09-27 01:29:36.474+0000 INFO  [o.n.k.i.t.TxManager]: TM opening log: data/WikiEx.db/tm_tx_log.1
2013-09-27 01:29:36.478+0000 INFO  [o.n.k.i.t.TxManager]: Unresolved transactions found in data/WikiEx.db/tm_tx_log.1, recovery started... 
2013-09-27 01:29:36.803+0000 INFO  [o.n.k.i.t.x.XaLogicalLog]: Rotating [data/WikiEx.db/nioneo_logical.log.1] @ version=1 to data/WikiEx.db/nioneo_logical.log.2 from position 16
2013-09-27 01:29:36.914+0000 INFO  [o.n.k.i.t.x.XaLogicalLog]: Rotate: old log scanned, newLog @ pos=16
2013-09-27 01:29:36.942+0000 INFO  [o.n.k.i.t.x.XaLogicalLog]: Log rotated, newLog @ pos=16, version 2 and last tx 28
2013-09-27 01:29:36.943+0000 INFO  [o.n.k.i.t.TxManager]: Recovery completed, all transactions have been resolved to a consistent state.
2013-09-27 01:29:37.261+0000 INFO  [o.n.k.i.t.x.XaLogicalLog]: Opened logical log [data/WikiEx.db/index/lucene.log.1] version=1, lastTxId=1 (clean)
2013-09-27 01:29:37.306+0000 INFO  [o.n.k.i.DiagnosticsManager]: --- STARTED diagnostics for KernelDiagnostics:Versions START ---
2013-09-27 01:29:37.307+0000 INFO  [o.n.k.i.DiagnosticsManager]: Graph Database: org.neo4j.kernel.EmbeddedGraphDatabase StoreId[time:1380227220166, id:-2713664318317256590, store version: 13561656364791302]
2013-09-27 01:29:37.307+0000 INFO  [o.n.k.i.DiagnosticsManager]: Kernel version: Neo4j - Graph Database Kernel 1.9.2
2013-09-27 01:29:37.307+0000 INFO  [o.n.k.i.DiagnosticsManager]: Neo4j component versions:
2013-09-27 01:29:37.308+0000 INFO  [o.n.k.i.DiagnosticsManager]:   Neo4j - Graph Database Kernel 1.9.2
2013-09-27 01:29:37.308+0000 INFO  [o.n.k.i.DiagnosticsManager]: --- STARTED diagnostics for KernelDiagnostics:Versions END ---
2013-09-27 01:29:37.310+0000 INFO  [o.n.k.i.DiagnosticsManager]: --- STARTED diagnostics for NEO_STORE_VERSIONS START ---
2013-09-27 01:29:37.311+0000 INFO  [o.n.k.i.DiagnosticsManager]: Store versions:
2013-09-27 01:29:37.311+0000 INFO  [o.n.k.i.DiagnosticsManager]: Store versions:
2013-09-27 01:29:37.311+0000 INFO  [o.n.k.i.DiagnosticsManager]:   NeoStore v0.A.0
2013-09-27 01:29:37.311+0000 INFO  [o.n.k.i.DiagnosticsManager]:   NodeStore v0.A.0
2013-09-27 01:29:37.311+0000 INFO  [o.n.k.i.DiagnosticsManager]:   RelationshipStore v0.A.0
2013-09-27 01:29:37.311+0000 INFO  [o.n.k.i.DiagnosticsManager]:   RelationshipTypeStore v0.A.0
2013-09-27 01:29:37.311+0000 INFO  [o.n.k.i.DiagnosticsManager]:   PropertyStore v0.A.0
2013-09-27 01:29:37.312+0000 INFO  [o.n.k.i.DiagnosticsManager]:   PropertyIndexStore v0.A.0
2013-09-27 01:29:37.312+0000 INFO  [o.n.k.i.DiagnosticsManager]:   StringPropertyStore v0.A.0
2013-09-27 01:29:37.312+0000 INFO  [o.n.k.i.DiagnosticsManager]:   ArrayPropertyStore v0.A.0
2013-09-27 01:29:37.312+0000 INFO  [o.n.k.i.DiagnosticsManager]: --- STARTED diagnostics for NEO_STORE_VERSIONS END ---
2013-09-27 01:29:37.312+0000 INFO  [o.n.k.i.DiagnosticsManager]: --- STARTED diagnostics for NEO_STORE_ID_USAGE START ---
2013-09-27 01:29:37.312+0000 INFO  [o.n.k.i.DiagnosticsManager]: Id usage:
2013-09-27 01:29:37.312+0000 INFO  [o.n.k.i.DiagnosticsManager]: Id usage:
2013-09-27 01:29:37.312+0000 INFO  [o.n.k.i.DiagnosticsManager]:   NodeStore: used=181 high=180
2013-09-27 01:29:37.312+0000 INFO  [o.n.k.i.DiagnosticsManager]:   RelationshipStore: used=277 high=276
2013-09-27 01:29:37.313+0000 INFO  [o.n.k.i.DiagnosticsManager]:   RelationshipTypeStore: used=1 high=0
2013-09-27 01:29:37.313+0000 INFO  [o.n.k.i.DiagnosticsManager]:   PropertyStore: used=457 high=456
2013-09-27 01:29:37.313+0000 INFO  [o.n.k.i.DiagnosticsManager]:   PropertyIndexStore: used=4 high=3
2013-09-27 01:29:37.313+0000 INFO  [o.n.k.i.DiagnosticsManager]:   StringPropertyStore: used=10 high=9
2013-09-27 01:29:37.313+0000 INFO  [o.n.k.i.DiagnosticsManager]:   ArrayPropertyStore: used=1 high=0
2013-09-27 01:29:37.313+0000 INFO  [o.n.k.i.DiagnosticsManager]: --- STARTED diagnostics for NEO_STORE_ID_USAGE END ---
2013-09-27 01:29:37.313+0000 INFO  [o.n.k.i.DiagnosticsManager]: --- STARTED diagnostics for PERSISTENCE_WINDOW_POOL_STATS START ---
2013-09-27 01:29:37.313+0000 INFO  [o.n.k.i.DiagnosticsManager]: --- STARTED diagnostics for PERSISTENCE_WINDOW_POOL_STATS END ---
2013-09-27 01:29:37.314+0000 INFO  [o.n.k.i.DiagnosticsManager]: --- STARTED diagnostics for KernelDiagnostics:StoreFiles START ---
2013-09-27 01:29:37.314+0000 INFO  [o.n.k.i.DiagnosticsManager]: Disk space on partition (Total / Free / Free %): 25538187264 / 7500443648 / 29
Storage files: (filename : modification date - size)
2013-09-27 01:29:37.315+0000 INFO  [o.n.k.i.DiagnosticsManager]:   neostore.propertystore.db: 2013-09-27T06:59:36+0530 - 18.30 kB
2013-09-27 01:29:37.315+0000 INFO  [o.n.k.i.DiagnosticsManager]:   neostore.relationshiptypestore.db.names.id: 2013-09-27T06:59:36+0530 - 9.00 B
2013-09-27 01:29:37.316+0000 INFO  [o.n.k.i.DiagnosticsManager]:   lock: 2013-09-27T06:59:36+0530 - 0.00 B
2013-09-27 01:29:37.316+0000 INFO  [o.n.k.i.DiagnosticsManager]:   neostore.relationshiptypestore.db: 2013-09-27T06:59:36+0530 - 5.00 B
2013-09-27 01:29:37.316+0000 INFO  [o.n.k.i.DiagnosticsManager]:   neostore.propertystore.db.arrays.id: 2013-09-27T06:59:36+0530 - 9.00 B
2013-09-27 01:29:37.317+0000 INFO  [o.n.k.i.DiagnosticsManager]:   messages.log: 2013-09-27T06:59:37+0530 - 54.72 kB
2013-09-27 01:29:37.317+0000 INFO  [o.n.k.i.DiagnosticsManager]:   neostore.propertystore.db.strings.id: 2013-09-27T06:59:36+0530 - 9.00 B
2013-09-27 01:29:37.317+0000 INFO  [o.n.k.i.DiagnosticsManager]:   neostore.relationshiptypestore.db.names: 2013-09-27T06:59:36+0530 - 76.00 B
2013-09-27 01:29:37.318+0000 INFO  [o.n.k.i.DiagnosticsManager]:   neostore.propertystore.db.strings: 2013-09-27T06:59:36+0530 - 1.25 kB
2013-09-27 01:29:37.318+0000 INFO  [o.n.k.i.DiagnosticsManager]:   nioneo_logical.log.2: 2013-09-27T06:59:36+0530 - 16.00 B
2013-09-27 01:29:37.318+0000 INFO  [o.n.k.i.DiagnosticsManager]:   store_lock: 2013-09-27T01:57:00+0530 - 0.00 B
2013-09-27 01:29:37.319+0000 INFO  [o.n.k.i.DiagnosticsManager]:   neostore.relationshipstore.db: 2013-09-27T06:59:36+0530 - 8.93 kB
2013-09-27 01:29:37.319+0000 INFO  [o.n.k.i.DiagnosticsManager]:   neostore.propertystore.db.arrays: 2013-09-27T06:59:36+0530 - 128.00 B
2013-09-27 01:29:37.319+0000 INFO  [o.n.k.i.DiagnosticsManager]:   neostore.propertystore.db.index.keys: 2013-09-27T06:59:36+0530 - 190.00 B
2013-09-27 01:29:37.320+0000 INFO  [o.n.k.i.DiagnosticsManager]:   neostore: 2013-09-27T06:59:36+0530 - 54.00 B
2013-09-27 01:29:37.320+0000 INFO  [o.n.k.i.DiagnosticsManager]:   nioneo_logical.log.v1: 2013-09-27T06:59:36+0530 - 16.00 B
2013-09-27 01:29:37.320+0000 INFO  [o.n.k.i.DiagnosticsManager]:   neostore.nodestore.db.id: 2013-09-27T06:59:36+0530 - 9.00 B
2013-09-27 01:29:37.320+0000 INFO  [o.n.k.i.DiagnosticsManager]:   neostore.propertystore.db.index: 2013-09-27T06:59:36+0530 - 36.00 B
2013-09-27 01:29:37.321+0000 INFO  [o.n.k.i.DiagnosticsManager]:   neostore.propertystore.db.index.id: 2013-09-27T06:59:36+0530 - 9.00 B
2013-09-27 01:29:37.321+0000 INFO  [o.n.k.i.DiagnosticsManager]:   tm_tx_log.1: 2013-09-27T06:59:36+0530 - 0.00 B
2013-09-27 01:29:37.322+0000 INFO  [o.n.k.i.DiagnosticsManager]:   neostore.id: 2013-09-27T06:59:36+0530 - 9.00 B
2013-09-27 01:29:37.322+0000 INFO  [o.n.k.i.DiagnosticsManager]:   neostore.nodestore.db: 2013-09-27T06:59:36+0530 - 1.59 kB
2013-09-27 01:29:37.322+0000 INFO  [o.n.k.i.DiagnosticsManager]:   neostore.propertystore.db.index.keys.id: 2013-09-27T06:59:36+0530 - 9.00 B
2013-09-27 01:29:37.322+0000 INFO  [o.n.k.i.DiagnosticsManager]:   neostore.relationshiptypestore.db.id: 2013-09-27T06:59:36+0530 - 9.00 B
2013-09-27 01:29:37.323+0000 INFO  [o.n.k.i.DiagnosticsManager]:   nioneo_logical.log.active: 2013-09-27T06:59:36+0530 - 4.00 B
2013-09-27 01:29:37.323+0000 INFO  [o.n.k.i.DiagnosticsManager]:   neostore.propertystore.db.id: 2013-09-27T06:59:36+0530 - 9.00 B
2013-09-27 01:29:37.323+0000 INFO  [o.n.k.i.DiagnosticsManager]:   nioneo_logical.log.v0: 2013-09-27T06:59:36+0530 - 11.42 kB
2013-09-27 01:29:37.324+0000 INFO  [o.n.k.i.DiagnosticsManager]:   active_tx_log: 2013-09-27T01:57:03+0530 - 11.00 B
2013-09-27 01:29:37.324+0000 INFO  [o.n.k.i.DiagnosticsManager]:   neostore.relationshipstore.db.id: 2013-09-27T06:59:36+0530 - 9.00 B
2013-09-27 01:29:37.324+0000 INFO  [o.n.k.i.DiagnosticsManager]:   index:
2013-09-27 01:29:37.325+0000 INFO  [o.n.k.i.DiagnosticsManager]:     lucene.log.active: 2013-09-27T06:59:37+0530 - 4.00 B
2013-09-27 01:29:37.325+0000 INFO  [o.n.k.i.DiagnosticsManager]:     lucene-store.db: 2013-09-27T06:59:17+0530 - 40.00 B
2013-09-27 01:29:37.325+0000 INFO  [o.n.k.i.DiagnosticsManager]:     lucene.log.1: 2013-09-27T06:59:37+0530 - 16.00 B
2013-09-27 01:29:37.326+0000 INFO  [o.n.k.i.DiagnosticsManager]:     lucene.log.v0: 2013-09-27T06:59:17+0530 - 16.00 B
2013-09-27 01:29:37.326+0000 INFO  [o.n.k.i.DiagnosticsManager]:   - Total: 2013-09-27T06:59:37+0530 - 76.00 B
2013-09-27 01:29:37.326+0000 INFO  [o.n.k.i.DiagnosticsManager]: --- STARTED diagnostics for KernelDiagnostics:StoreFiles END ---
2013-09-27 01:29:37.328+0000 INFO  [o.n.k.EmbeddedGraphDatabase]: Started - database is now available
2013-09-27 01:29:37.328+0000 INFO  [o.n.k.EmbeddedGraphDatabase]: GC Monitor started. 
2013-09-27 01:29:38.289+0000 INFO  [o.n.k.i.DiagnosticsManager]: --- SERVER STARTED START ---
2013-09-27 01:29:38.289+0000 INFO  [o.n.k.i.DiagnosticsManager]: --- STARTED diagnostics for org.neo4j.server.configuration.Configurator START ---
2013-09-27 01:29:38.291+0000 INFO  [o.n.k.i.DiagnosticsManager]: Server configuration:
2013-09-27 01:29:38.291+0000 INFO  [o.n.k.i.DiagnosticsManager]: org.neo4j.server.database.location = data/WikiEx.db
2013-09-27 01:29:38.292+0000 INFO  [o.n.k.i.DiagnosticsManager]: org.neo4j.server.webserver.port = 7474
2013-09-27 01:29:38.292+0000 INFO  [o.n.k.i.DiagnosticsManager]: org.neo4j.server.webserver.https.enabled = true
2013-09-27 01:29:38.292+0000 INFO  [o.n.k.i.DiagnosticsManager]: org.neo4j.server.webserver.https.port = 7473
2013-09-27 01:29:38.292+0000 INFO  [o.n.k.i.DiagnosticsManager]: org.neo4j.server.webserver.https.cert.location = conf/ssl/snakeoil.cert
2013-09-27 01:29:38.292+0000 INFO  [o.n.k.i.DiagnosticsManager]: org.neo4j.server.webserver.https.key.location = conf/ssl/snakeoil.key
2013-09-27 01:29:38.292+0000 INFO  [o.n.k.i.DiagnosticsManager]: org.neo4j.server.webserver.https.keystore.location = data/keystore
2013-09-27 01:29:38.292+0000 INFO  [o.n.k.i.DiagnosticsManager]: org.neo4j.server.webadmin.rrdb.location = data/rrd
2013-09-27 01:29:38.292+0000 INFO  [o.n.k.i.DiagnosticsManager]: org.neo4j.server.db.tuning.properties = conf/neo4j.properties
2013-09-27 01:29:38.292+0000 INFO  [o.n.k.i.DiagnosticsManager]: org.neo4j.server.manage.console_engines = [gremlin, shell]
2013-09-27 01:29:38.292+0000 INFO  [o.n.k.i.DiagnosticsManager]: org.neo4j.server.http.log.enabled = false
2013-09-27 01:29:38.292+0000 INFO  [o.n.k.i.DiagnosticsManager]: org.neo4j.server.http.log.config = conf/neo4j-http-logging.xml
2013-09-27 01:29:38.292+0000 INFO  [o.n.k.i.DiagnosticsManager]: org.neo4j.server.webadmin.management.uri = /db/manage/
2013-09-27 01:29:38.293+0000 INFO  [o.n.k.i.DiagnosticsManager]: org.neo4j.server.webadmin.data.uri = /db/data/
2013-09-27 01:29:38.293+0000 INFO  [o.n.k.i.DiagnosticsManager]: --- STARTED diagnostics for org.neo4j.server.configuration.Configurator END ---
2013-09-27 01:29:38.297+0000 INFO  [o.n.k.i.DiagnosticsManager]: Mounted discovery module (org.neo4j.server.rest.discovery) at: /
2013-09-27 01:29:38.364+0000 INFO  [o.n.k.i.DiagnosticsManager]: Loaded server plugin "CypherPlugin" (org.neo4j.server.plugin.cypher.CypherPlugin)
2013-09-27 01:29:38.367+0000 INFO  [o.n.k.i.DiagnosticsManager]:   GraphDatabaseService.execute_query: execute a query
2013-09-27 01:29:38.368+0000 INFO  [o.n.k.i.DiagnosticsManager]: Loaded server plugin "GremlinPlugin" (org.neo4j.server.plugin.gremlin.GremlinPlugin)
2013-09-27 01:29:38.368+0000 INFO  [o.n.k.i.DiagnosticsManager]:   GraphDatabaseService.execute_script: execute a Gremlin script with 'g' set to the Neo4jGraph and 'results' containing the results. Only results of one object type is supported.
2013-09-27 01:29:38.369+0000 INFO  [o.n.k.i.DiagnosticsManager]: Mounted REST API at: /db/data/
2013-09-27 01:29:38.372+0000 INFO  [o.n.k.i.DiagnosticsManager]: Mounted management API at: /db/manage/
2013-09-27 01:29:38.493+0000 INFO  [o.n.k.i.DiagnosticsManager]: Mounted webadmin at: /webadmin
2013-09-27 01:29:40.056+0000 INFO  [o.n.k.i.DiagnosticsManager]: Server started on: http://localhost:7474/
2013-09-27 01:29:40.060+0000 INFO  [o.n.k.i.DiagnosticsManager]: --- SERVER STARTED END ---
2013-09-27 04:20:22.668+0000 INFO  [o.n.k.EmbeddedGraphDatabase]: GC Monitor: Application threads blocked for an additional 10190258ms [total block time: 10190.258s]
